Using pre-set license
Built from '2020.3/staging' branch; Version is '2020.3.11f1 (99c7afb366b3) revision 10078127'; Using compiler version '192528614'; Build Type 'Release'
OS: 'Windows 10 Home; OS build 19043.1466; Version 2009; 64bit' Language: 'en' Physical Memory: 8029 MB
BatchMode: 1, IsHumanControllingUs: 0, StartBugReporterOnCrash: 0, Is64bit: 1, IsPro: 0

 COMMAND LINE ARGUMENTS:
C:\Program Files\Unity\Hub\Editor\2020.3.11f1\Editor\Unity.exe
-adb2
-batchMode
-noUpm
-name
AssetImportWorker0
-projectPath
C:/Users/contr/Documents/G/Dev/Unity/ABL-6.2/ABL 6
-logFile
Logs/AssetImportWorker0.log
-srvPort
56215
Successfully changed project path to: C:/Users/contr/Documents/G/Dev/Unity/ABL-6.2/ABL 6
C:/Users/contr/Documents/G/Dev/Unity/ABL-6.2/ABL 6
Using Asset Import Pipeline V2.
Refreshing native plugins compatible for Editor in 259.72 ms, found 12 plugins.
Preloading 1 native plugins for Editor in 8.55 ms.
Initialize engine version: 2020.3.11f1 (99c7afb366b3)
[Subsystems] Discovering subsystems at path C:/Program Files/Unity/Hub/Editor/2020.3.11f1/Editor/Data/Resources/UnitySubsystems
[Subsystems] Discovering subsystems at path C:/Users/contr/Documents/G/Dev/Unity/ABL-6.2/ABL 6/Assets
[Subsystems] No descriptors matched for  examples in Assets/MeshingFeaturePlugin/UnitySubsystemsManifest.json.
[Subsystems] No descriptors matched for  inputs in Assets/MeshingFeaturePlugin/UnitySubsystemsManifest.json.
[Subsystems] No descriptors matched for  displays in Assets/MeshingFeaturePlugin/UnitySubsystemsManifest.json.
[Subsystems] 1 'meshings' descriptors matched in Assets/MeshingFeaturePlugin/UnitySubsystemsManifest.json
GfxDevice: creating device client; threaded=0
Direct3D:
    Version:  Direct3D 11.0 [level 11.1]
    Renderer: NVIDIA GeForce GTX 1650 (ID=0x1f91)
    Vendor:   
    VRAM:     3962 MB
    Driver:   30.0.14.7141
Initialize mono
Mono path[0] = 'C:/Program Files/Unity/Hub/Editor/2020.3.11f1/Editor/Data/Managed'
Mono path[1] = 'C:/Program Files/Unity/Hub/Editor/2020.3.11f1/Editor/Data/MonoBleedingEdge/lib/mono/unityjit'
Mono config path = 'C:/Program Files/Unity/Hub/Editor/2020.3.11f1/Editor/Data/MonoBleedingEdge/etc'
Using monoOptions --debugger-agent=transport=dt_socket,embedding=1,server=y,suspend=n,address=127.0.0.1:56292
Begin MonoManager ReloadAssembly
Registering precompiled unity dll's ...
Register platform support module: C:/Program Files/Unity/Hub/Editor/2020.3.11f1/Editor/Data/PlaybackEngines/WebGLSupport/UnityEditor.WebGL.Extensions.dll
Register platform support module: C:/Program Files/Unity/Hub/Editor/2020.3.11f1/Editor/Data/PlaybackEngines/WindowsStandaloneSupport/UnityEditor.WindowsStandalone.Extensions.dll
Registered in 0.004263 seconds.
Native extension for WindowsStandalone target not found
Native extension for WebGL target not found
Refreshing native plugins compatible for Editor in 59.64 ms, found 12 plugins.
Preloading 1 native plugins for Editor in 0.08 ms.
Mono: successfully reloaded assembly
- Completed reload, in  6.503 seconds
Platform modules already initialized, skipping
Registering precompiled user dll's ...
Registered in 0.065532 seconds.
Begin MonoManager ReloadAssembly
Native extension for WindowsStandalone target not found
Native extension for WebGL target not found
Refreshing native plugins compatible for Editor in 62.87 ms, found 12 plugins.
Preloading 1 native plugins for Editor in 0.07 ms.
NullReferenceException: Object reference not set to an instance of an object
  at Unity.XR.Oculus.OculusLoader.AssetPathToAbsolutePath (System.String assetPath) [0x0004c] in C:\Users\contr\Documents\G\Dev\Unity\ABL-6.2\ABL 6\Library\PackageCache\com.unity.xr.oculus@1.11.2\Runtime\OculusLoader.cs:250 
  at Unity.XR.Oculus.OculusLoader.EditorLoadOVRPlugin () [0x000b0] in C:\Users\contr\Documents\G\Dev\Unity\ABL-6.2\ABL 6\Library\PackageCache\com.unity.xr.oculus@1.11.2\Runtime\OculusLoader.cs:235 

(Filename: Library/PackageCache/com.unity.xr.oculus@1.11.2/Runtime/OculusLoader.cs Line: 250)

Mono: successfully reloaded assembly
- Completed reload, in  1.426 seconds
Platform modules already initialized, skipping
========================================================================
Worker process is ready to serve import requests
Launched and connected shader compiler UnityShaderCompiler.exe after 0.05 seconds
Refreshing native plugins compatible for Editor in 1.04 ms, found 12 plugins.
Preloading 1 native plugins for Editor in 0.08 ms.
Unloading 3097 Unused Serialized files (Serialized files now loaded: 0)
System memory in use before: 121.2 MB.
System memory in use after: 121.4 MB.

Unloading 89 unused Assets to reduce memory usage. Loaded Objects now: 3501.
Total: 7.138900 ms (FindLiveObjects: 0.326000 ms CreateObjectMapping: 0.149000 ms MarkObjects: 6.514900 ms  DeleteObjects: 0.147200 ms)

========================================================================
Received Prepare
Refreshing native plugins compatible for Editor in 18.94 ms, found 12 plugins.
Preloading 1 native plugins for Editor in 0.07 ms.
Unloading 75 Unused Serialized files (Serialized files now loaded: 0)
System memory in use before: 58.6 MB.
System memory in use after: 58.8 MB.

Unloading 75 unused Assets to reduce memory usage. Loaded Objects now: 3501.
Total: 8.918100 ms (FindLiveObjects: 0.291000 ms CreateObjectMapping: 0.147500 ms MarkObjects: 8.411500 ms  DeleteObjects: 0.066600 ms)

========================================================================
Received Import Request.
  path: Assets/Scenes/SampleScene.unity
  artifactKey: Guid(9fc0d4010bbf28b4594072e72b8655ab) Importer(815301076,1909f56bfc062723c751e8b465ee728b)
Start importing Assets/Scenes/SampleScene.unity using Guid(9fc0d4010bbf28b4594072e72b8655ab) Importer(815301076,1909f56bfc062723c751e8b465ee728b)  -> (artifact id: 'dcc088d1731b590f9572c6f2bab98c6a') in 0.036323 seconds
  Import took 0.044249 seconds .

========================================================================
Received Import Request.
  Time since last request: 0.014406 seconds.
  path: Assets/Scenes/SampleScene.unity
  artifactKey: Guid(9fc0d4010bbf28b4594072e72b8655ab) Importer(815301076,1909f56bfc062723c751e8b465ee728b)
Start importing Assets/Scenes/SampleScene.unity using Guid(9fc0d4010bbf28b4594072e72b8655ab) Importer(815301076,1909f56bfc062723c751e8b465ee728b)  -> (artifact id: 'dcc088d1731b590f9572c6f2bab98c6a') in 0.006304 seconds
  Import took 0.012722 seconds .

========================================================================
Received Import Request.
  Time since last request: 103.974739 seconds.
  path: Assets/Samples
  artifactKey: Guid(7f3ced15f4a73499eaab231d43947d6c) Importer(815301076,1909f56bfc062723c751e8b465ee728b)
Start importing Assets/Samples using Guid(7f3ced15f4a73499eaab231d43947d6c) Importer(815301076,1909f56bfc062723c751e8b465ee728b)  -> (artifact id: '19e57ed3e315f060014de11e44f248b1') in 0.010303 seconds
  Import took 0.016115 seconds .

========================================================================
Received Import Request.
  Time since last request: 230.822950 seconds.
  path: Assets/DigitalSalmon/C360/Example Tour/Tour.unity
  artifactKey: Guid(0d9eb93bc3d5f3141b5a7cd5a05dda15) Importer(815301076,1909f56bfc062723c751e8b465ee728b)
Start importing Assets/DigitalSalmon/C360/Example Tour/Tour.unity using Guid(0d9eb93bc3d5f3141b5a7cd5a05dda15) Importer(815301076,1909f56bfc062723c751e8b465ee728b)  -> (artifact id: '752d4df6c738b7703cc4b30b7130f759') in 0.009092 seconds
  Import took 0.015831 seconds .

========================================================================
Received Import Request.
  Time since last request: 0.950821 seconds.
  path: Assets/Samples/OpenXR Plugin/1.3.1/Meshing Subsystem Feature/MeshingFeature.unity
  artifactKey: Guid(d1889e247a55eae4d96baf9f3b786800) Importer(815301076,1909f56bfc062723c751e8b465ee728b)
Start importing Assets/Samples/OpenXR Plugin/1.3.1/Meshing Subsystem Feature/MeshingFeature.unity using Guid(d1889e247a55eae4d96baf9f3b786800) Importer(815301076,1909f56bfc062723c751e8b465ee728b)  -> (artifact id: '8517cdc6e4cd693ed91ca1d3a48646cd') in 0.010231 seconds
  Import took 0.016553 seconds .

========================================================================
Received Import Request.
  Time since last request: 113.649540 seconds.
  path: Assets/DigitalSalmon/C360/Internal/Gizmos/Complete360Tour.png
  artifactKey: Guid(2bfcbaf1aff7beb43a9adb8987b0ea6b) Importer(815301076,1909f56bfc062723c751e8b465ee728b)
Start importing Assets/DigitalSalmon/C360/Internal/Gizmos/Complete360Tour.png using Guid(2bfcbaf1aff7beb43a9adb8987b0ea6b) Importer(815301076,1909f56bfc062723c751e8b465ee728b)  -> (artifact id: 'aefbd24998693a8a40372b9d95468f56') in 0.178953 seconds
  Import took 0.186751 seconds .

========================================================================
Received Prepare
Registering precompiled user dll's ...
Registered in 0.018082 seconds.
Begin MonoManager ReloadAssembly
Native extension for WindowsStandalone target not found
Native extension for WebGL target not found
Refreshing native plugins compatible for Editor in 1.92 ms, found 12 plugins.
Preloading 1 native plugins for Editor in 0.12 ms.
NullReferenceException: Object reference not set to an instance of an object
  at Unity.XR.Oculus.OculusLoader.AssetPathToAbsolutePath (System.String assetPath) [0x0004c] in C:\Users\contr\Documents\G\Dev\Unity\ABL-6.2\ABL 6\Library\PackageCache\com.unity.xr.oculus@1.11.2\Runtime\OculusLoader.cs:250 
  at Unity.XR.Oculus.OculusLoader.EditorLoadOVRPlugin () [0x000b0] in C:\Users\contr\Documents\G\Dev\Unity\ABL-6.2\ABL 6\Library\PackageCache\com.unity.xr.oculus@1.11.2\Runtime\OculusLoader.cs:235 

(Filename: Library/PackageCache/com.unity.xr.oculus@1.11.2/Runtime/OculusLoader.cs Line: 250)

Mono: successfully reloaded assembly
- Completed reload, in  1.458 seconds
Platform modules already initialized, skipping
Switching build target platform(19) subTarget(0) extendedPlatform(0) -> platform(13) subTarget(589824) extendedPlatform(0)
Refreshing native plugins compatible for Editor in 1.17 ms, found 12 plugins.
Preloading 1 native plugins for Editor in 0.08 ms.
Unloading 3041 Unused Serialized files (Serialized files now loaded: 0)
System memory in use before: 120.0 MB.
System memory in use after: 120.3 MB.

Unloading 78 unused Assets to reduce memory usage. Loaded Objects now: 3510.
Total: 7.204400 ms (FindLiveObjects: 0.317000 ms CreateObjectMapping: 0.139800 ms MarkObjects: 6.585400 ms  DeleteObjects: 0.157000 ms)

AssetImportParameters requested are different than current active one (requested -> active):
  custom:graphics/normal-map-encoding: 01000000000000000000000000000000 -> 02000000000000000000000000000000
========================================================================
Received Import Request.
  Time since last request: 27.026958 seconds.
  path: Assets/InputSystem.inputsettings.asset
  artifactKey: Guid(82467c4de8a641e4782bdad285424144) Importer(815301076,1909f56bfc062723c751e8b465ee728b)
Start importing Assets/InputSystem.inputsettings.asset using Guid(82467c4de8a641e4782bdad285424144) Importer(815301076,1909f56bfc062723c751e8b465ee728b)  -> (artifact id: '8f2a70ba06c0723ca7287457fc82f2ca') in 0.044481 seconds
  Import took 0.053942 seconds .

========================================================================
Received Import Request.
  Time since last request: 30.105288 seconds.
  path: Assets/Samples/XR Interaction Toolkit/2.0.0-pre.6/Default Input Actions
  artifactKey: Guid(8052a30146ff54d59821862ca3bd988d) Importer(815301076,1909f56bfc062723c751e8b465ee728b)
Start importing Assets/Samples/XR Interaction Toolkit/2.0.0-pre.6/Default Input Actions using Guid(8052a30146ff54d59821862ca3bd988d) Importer(815301076,1909f56bfc062723c751e8b465ee728b)  -> (artifact id: 'c1352889f5fa22b0598e6379ae9a0807') in 0.006216 seconds
  Import took 0.011790 seconds .

========================================================================
Received Import Request.
  Time since last request: 5.942975 seconds.
  path: Packages/com.unity.inputsystem/InputSystem/Plugins/PlayerInput/DefaultInputActions.inputactions
  artifactKey: Guid(ca9f5fa95ffab41fb9a615ab714db018) Importer(815301076,1909f56bfc062723c751e8b465ee728b)
Start importing Packages/com.unity.inputsystem/InputSystem/Plugins/PlayerInput/DefaultInputActions.inputactions using Guid(ca9f5fa95ffab41fb9a615ab714db018) Importer(815301076,1909f56bfc062723c751e8b465ee728b)  -> (artifact id: '16abb7f7462d195e2f193227d26c86a1') in 0.018777 seconds
  Import took 0.023772 seconds .

========================================================================
Received Import Request.
  Time since last request: 4.005798 seconds.
  path: Packages/com.unity.inputsystem/InputSystem/Plugins/PlayerInput/InputValue.cs
  artifactKey: Guid(b24da9e286b594ace8ec4dfd4a374780) Importer(815301076,1909f56bfc062723c751e8b465ee728b)
Start importing Packages/com.unity.inputsystem/InputSystem/Plugins/PlayerInput/InputValue.cs using Guid(b24da9e286b594ace8ec4dfd4a374780) Importer(815301076,1909f56bfc062723c751e8b465ee728b)  -> (artifact id: '150dd22de93300160ccd50ec75ca437d') in 0.010771 seconds
  Import took 0.016307 seconds .

========================================================================
Received Prepare
Registering precompiled user dll's ...
Registered in 0.011264 seconds.
Begin MonoManager ReloadAssembly
Native extension for WindowsStandalone target not found
Native extension for WebGL target not found
Refreshing native plugins compatible for Editor in 1.18 ms, found 12 plugins.
Preloading 1 native plugins for Editor in 0.09 ms.
NullReferenceException: Object reference not set to an instance of an object
  at Unity.XR.Oculus.OculusLoader.AssetPathToAbsolutePath (System.String assetPath) [0x0004c] in C:\Users\contr\Documents\G\Dev\Unity\ABL-6.2\ABL 6\Library\PackageCache\com.unity.xr.oculus@1.11.2\Runtime\OculusLoader.cs:250 
  at Unity.XR.Oculus.OculusLoader.EditorLoadOVRPlugin () [0x000b0] in C:\Users\contr\Documents\G\Dev\Unity\ABL-6.2\ABL 6\Library\PackageCache\com.unity.xr.oculus@1.11.2\Runtime\OculusLoader.cs:235 

(Filename: Library/PackageCache/com.unity.xr.oculus@1.11.2/Runtime/OculusLoader.cs Line: 250)

Mono: successfully reloaded assembly
- Completed reload, in  1.156 seconds
Platform modules already initialized, skipping
Switching build target platform(19) subTarget(0) extendedPlatform(0) -> platform(13) subTarget(589824) extendedPlatform(0)
Refreshing native plugins compatible for Editor in 1.13 ms, found 12 plugins.
Preloading 1 native plugins for Editor in 0.09 ms.
Unloading 3041 Unused Serialized files (Serialized files now loaded: 0)
System memory in use before: 120.1 MB.
System memory in use after: 120.3 MB.

Unloading 78 unused Assets to reduce memory usage. Loaded Objects now: 3513.
Total: 10.967000 ms (FindLiveObjects: 0.381600 ms CreateObjectMapping: 0.193000 ms MarkObjects: 10.311300 ms  DeleteObjects: 0.078800 ms)

AssetImportParameters requested are different than current active one (requested -> active):
  custom:graphics/normal-map-encoding: 01000000000000000000000000000000 -> 02000000000000000000000000000000
========================================================================
Received Prepare
Registering precompiled user dll's ...
Registered in 0.011575 seconds.
Begin MonoManager ReloadAssembly
Native extension for WindowsStandalone target not found
Native extension for WebGL target not found
Refreshing native plugins compatible for Editor in 1.09 ms, found 12 plugins.
Preloading 1 native plugins for Editor in 0.11 ms.
NullReferenceException: Object reference not set to an instance of an object
  at Unity.XR.Oculus.OculusLoader.AssetPathToAbsolutePath (System.String assetPath) [0x0004c] in C:\Users\contr\Documents\G\Dev\Unity\ABL-6.2\ABL 6\Library\PackageCache\com.unity.xr.oculus@1.11.2\Runtime\OculusLoader.cs:250 
  at Unity.XR.Oculus.OculusLoader.EditorLoadOVRPlugin () [0x000b0] in C:\Users\contr\Documents\G\Dev\Unity\ABL-6.2\ABL 6\Library\PackageCache\com.unity.xr.oculus@1.11.2\Runtime\OculusLoader.cs:235 

(Filename: Library/PackageCache/com.unity.xr.oculus@1.11.2/Runtime/OculusLoader.cs Line: 250)

Mono: successfully reloaded assembly
- Completed reload, in  1.165 seconds
Platform modules already initialized, skipping
Switching build target platform(19) subTarget(0) extendedPlatform(0) -> platform(13) subTarget(589824) extendedPlatform(0)
Refreshing native plugins compatible for Editor in 1.08 ms, found 12 plugins.
Preloading 1 native plugins for Editor in 0.08 ms.
Unloading 3041 Unused Serialized files (Serialized files now loaded: 0)
System memory in use before: 120.1 MB.
System memory in use after: 120.4 MB.

Unloading 78 unused Assets to reduce memory usage. Loaded Objects now: 3516.
Total: 5.773600 ms (FindLiveObjects: 0.274600 ms CreateObjectMapping: 0.115100 ms MarkObjects: 5.348700 ms  DeleteObjects: 0.034300 ms)

AssetImportParameters requested are different than current active one (requested -> active):
  custom:graphics/normal-map-encoding: 01000000000000000000000000000000 -> 02000000000000000000000000000000
========================================================================
Received Prepare
Registering precompiled user dll's ...
Registered in 0.016913 seconds.
Begin MonoManager ReloadAssembly
Native extension for WindowsStandalone target not found
Native extension for WebGL target not found
Refreshing native plugins compatible for Editor in 1.17 ms, found 12 plugins.
Preloading 1 native plugins for Editor in 0.09 ms.
NullReferenceException: Object reference not set to an instance of an object
  at Unity.XR.Oculus.OculusLoader.AssetPathToAbsolutePath (System.String assetPath) [0x0004c] in C:\Users\contr\Documents\G\Dev\Unity\ABL-6.2\ABL 6\Library\PackageCache\com.unity.xr.oculus@1.11.2\Runtime\OculusLoader.cs:250 
  at Unity.XR.Oculus.OculusLoader.EditorLoadOVRPlugin () [0x000b0] in C:\Users\contr\Documents\G\Dev\Unity\ABL-6.2\ABL 6\Library\PackageCache\com.unity.xr.oculus@1.11.2\Runtime\OculusLoader.cs:235 

(Filename: Library/PackageCache/com.unity.xr.oculus@1.11.2/Runtime/OculusLoader.cs Line: 250)

Mono: successfully reloaded assembly
- Completed reload, in  1.283 seconds
Platform modules already initialized, skipping
Switching build target platform(19) subTarget(0) extendedPlatform(0) -> platform(13) subTarget(589824) extendedPlatform(0)
Refreshing native plugins compatible for Editor in 1.11 ms, found 12 plugins.
Preloading 1 native plugins for Editor in 0.09 ms.
Unloading 3041 Unused Serialized files (Serialized files now loaded: 0)
System memory in use before: 120.2 MB.
System memory in use after: 120.4 MB.

Unloading 78 unused Assets to reduce memory usage. Loaded Objects now: 3519.
Total: 5.942800 ms (FindLiveObjects: 0.309700 ms CreateObjectMapping: 0.127200 ms MarkObjects: 5.468500 ms  DeleteObjects: 0.035900 ms)

AssetImportParameters requested are different than current active one (requested -> active):
  custom:graphics/normal-map-encoding: 01000000000000000000000000000000 -> 02000000000000000000000000000000
========================================================================
Received Prepare
Registering precompiled user dll's ...
Registered in 0.011331 seconds.
Begin MonoManager ReloadAssembly
Native extension for WindowsStandalone target not found
Native extension for WebGL target not found
Refreshing native plugins compatible for Editor in 2.13 ms, found 12 plugins.
Preloading 1 native plugins for Editor in 0.16 ms.
NullReferenceException: Object reference not set to an instance of an object
  at Unity.XR.Oculus.OculusLoader.AssetPathToAbsolutePath (System.String assetPath) [0x0004c] in C:\Users\contr\Documents\G\Dev\Unity\ABL-6.2\ABL 6\Library\PackageCache\com.unity.xr.oculus@1.11.2\Runtime\OculusLoader.cs:250 
  at Unity.XR.Oculus.OculusLoader.EditorLoadOVRPlugin () [0x000b0] in C:\Users\contr\Documents\G\Dev\Unity\ABL-6.2\ABL 6\Library\PackageCache\com.unity.xr.oculus@1.11.2\Runtime\OculusLoader.cs:235 

(Filename: Library/PackageCache/com.unity.xr.oculus@1.11.2/Runtime/OculusLoader.cs Line: 250)

Mono: successfully reloaded assembly
- Completed reload, in  1.242 seconds
Platform modules already initialized, skipping
Switching build target platform(19) subTarget(0) extendedPlatform(0) -> platform(13) subTarget(589824) extendedPlatform(0)
Refreshing native plugins compatible for Editor in 1.08 ms, found 12 plugins.
Preloading 1 native plugins for Editor in 0.08 ms.
Unloading 3041 Unused Serialized files (Serialized files now loaded: 0)
System memory in use before: 120.2 MB.
System memory in use after: 120.4 MB.

Unloading 78 unused Assets to reduce memory usage. Loaded Objects now: 3522.
Total: 5.691000 ms (FindLiveObjects: 0.312100 ms CreateObjectMapping: 0.132300 ms MarkObjects: 5.209600 ms  DeleteObjects: 0.035100 ms)

AssetImportParameters requested are different than current active one (requested -> active):
  custom:graphics/normal-map-encoding: 01000000000000000000000000000000 -> 02000000000000000000000000000000
========================================================================
Received Prepare
Registering precompiled user dll's ...
Registered in 0.016230 seconds.
Begin MonoManager ReloadAssembly
Native extension for WindowsStandalone target not found
Native extension for WebGL target not found
Refreshing native plugins compatible for Editor in 1.09 ms, found 12 plugins.
Preloading 1 native plugins for Editor in 0.08 ms.
NullReferenceException: Object reference not set to an instance of an object
  at Unity.XR.Oculus.OculusLoader.AssetPathToAbsolutePath (System.String assetPath) [0x0004c] in C:\Users\contr\Documents\G\Dev\Unity\ABL-6.2\ABL 6\Library\PackageCache\com.unity.xr.oculus@1.11.2\Runtime\OculusLoader.cs:250 
  at Unity.XR.Oculus.OculusLoader.EditorLoadOVRPlugin () [0x000b0] in C:\Users\contr\Documents\G\Dev\Unity\ABL-6.2\ABL 6\Library\PackageCache\com.unity.xr.oculus@1.11.2\Runtime\OculusLoader.cs:235 

(Filename: Library/PackageCache/com.unity.xr.oculus@1.11.2/Runtime/OculusLoader.cs Line: 250)

Mono: successfully reloaded assembly
- Completed reload, in  1.157 seconds
Platform modules already initialized, skipping
Switching build target platform(19) subTarget(0) extendedPlatform(0) -> platform(13) subTarget(589824) extendedPlatform(0)
Refreshing native plugins compatible for Editor in 1.12 ms, found 12 plugins.
Preloading 1 native plugins for Editor in 0.09 ms.
Unloading 3041 Unused Serialized files (Serialized files now loaded: 0)
System memory in use before: 120.2 MB.
System memory in use after: 120.4 MB.

Unloading 78 unused Assets to reduce memory usage. Loaded Objects now: 3525.
Total: 5.976300 ms (FindLiveObjects: 0.279900 ms CreateObjectMapping: 0.105700 ms MarkObjects: 5.535100 ms  DeleteObjects: 0.054000 ms)

AssetImportParameters requested are different than current active one (requested -> active):
  custom:graphics/normal-map-encoding: 01000000000000000000000000000000 -> 02000000000000000000000000000000
========================================================================
Received Prepare
Registering precompiled user dll's ...
Registered in 0.044112 seconds.
Begin MonoManager ReloadAssembly
Native extension for WindowsStandalone target not found
Native extension for WebGL target not found
Refreshing native plugins compatible for Editor in 1.31 ms, found 12 plugins.
Preloading 1 native plugins for Editor in 0.11 ms.
NullReferenceException: Object reference not set to an instance of an object
  at Unity.XR.Oculus.OculusLoader.AssetPathToAbsolutePath (System.String assetPath) [0x0004c] in C:\Users\contr\Documents\G\Dev\Unity\ABL-6.2\ABL 6\Library\PackageCache\com.unity.xr.oculus@1.11.2\Runtime\OculusLoader.cs:250 
  at Unity.XR.Oculus.OculusLoader.EditorLoadOVRPlugin () [0x000b0] in C:\Users\contr\Documents\G\Dev\Unity\ABL-6.2\ABL 6\Library\PackageCache\com.unity.xr.oculus@1.11.2\Runtime\OculusLoader.cs:235 

(Filename: Library/PackageCache/com.unity.xr.oculus@1.11.2/Runtime/OculusLoader.cs Line: 250)

Mono: successfully reloaded assembly
- Completed reload, in  1.765 seconds
Platform modules already initialized, skipping
Switching build target platform(19) subTarget(0) extendedPlatform(0) -> platform(13) subTarget(589824) extendedPlatform(0)
Refreshing native plugins compatible for Editor in 1.35 ms, found 12 plugins.
Preloading 1 native plugins for Editor in 0.10 ms.
Unloading 3041 Unused Serialized files (Serialized files now loaded: 0)
System memory in use before: 120.2 MB.
System memory in use after: 120.4 MB.

Unloading 78 unused Assets to reduce memory usage. Loaded Objects now: 3528.
Total: 6.710800 ms (FindLiveObjects: 0.376900 ms CreateObjectMapping: 0.117800 ms MarkObjects: 6.126200 ms  DeleteObjects: 0.087800 ms)

AssetImportParameters requested are different than current active one (requested -> active):
  custom:graphics/normal-map-encoding: 01000000000000000000000000000000 -> 02000000000000000000000000000000
========================================================================
Received Prepare
Registering precompiled user dll's ...
Registered in 0.023300 seconds.
Begin MonoManager ReloadAssembly
Native extension for WindowsStandalone target not found
Native extension for WebGL target not found
Refreshing native plugins compatible for Editor in 1.29 ms, found 12 plugins.
Preloading 1 native plugins for Editor in 0.09 ms.
NullReferenceException: Object reference not set to an instance of an object
  at Unity.XR.Oculus.OculusLoader.AssetPathToAbsolutePath (System.String assetPath) [0x0004c] in C:\Users\contr\Documents\G\Dev\Unity\ABL-6.2\ABL 6\Library\PackageCache\com.unity.xr.oculus@1.11.2\Runtime\OculusLoader.cs:250 
  at Unity.XR.Oculus.OculusLoader.EditorLoadOVRPlugin () [0x000b0] in C:\Users\contr\Documents\G\Dev\Unity\ABL-6.2\ABL 6\Library\PackageCache\com.unity.xr.oculus@1.11.2\Runtime\OculusLoader.cs:235 

(Filename: Library/PackageCache/com.unity.xr.oculus@1.11.2/Runtime/OculusLoader.cs Line: 250)

Mono: successfully reloaded assembly
- Completed reload, in  1.379 seconds
Platform modules already initialized, skipping
Switching build target platform(19) subTarget(0) extendedPlatform(0) -> platform(13) subTarget(589824) extendedPlatform(0)
Refreshing native plugins compatible for Editor in 1.08 ms, found 12 plugins.
Preloading 1 native plugins for Editor in 0.08 ms.
Unloading 3041 Unused Serialized files (Serialized files now loaded: 0)
System memory in use before: 120.2 MB.
System memory in use after: 120.4 MB.

Unloading 78 unused Assets to reduce memory usage. Loaded Objects now: 3531.
Total: 5.919400 ms (FindLiveObjects: 0.294100 ms CreateObjectMapping: 0.112500 ms MarkObjects: 5.464600 ms  DeleteObjects: 0.046900 ms)

AssetImportParameters requested are different than current active one (requested -> active):
  custom:graphics/normal-map-encoding: 01000000000000000000000000000000 -> 02000000000000000000000000000000
========================================================================
Received Prepare
Registering precompiled user dll's ...
Registered in 0.011863 seconds.
Begin MonoManager ReloadAssembly
Native extension for WindowsStandalone target not found
Native extension for WebGL target not found
Refreshing native plugins compatible for Editor in 1.08 ms, found 12 plugins.
Preloading 1 native plugins for Editor in 0.08 ms.
NullReferenceException: Object reference not set to an instance of an object
  at Unity.XR.Oculus.OculusLoader.AssetPathToAbsolutePath (System.String assetPath) [0x0004c] in C:\Users\contr\Documents\G\Dev\Unity\ABL-6.2\ABL 6\Library\PackageCache\com.unity.xr.oculus@1.11.2\Runtime\OculusLoader.cs:250 
  at Unity.XR.Oculus.OculusLoader.EditorLoadOVRPlugin () [0x000b0] in C:\Users\contr\Documents\G\Dev\Unity\ABL-6.2\ABL 6\Library\PackageCache\com.unity.xr.oculus@1.11.2\Runtime\OculusLoader.cs:235 

(Filename: Library/PackageCache/com.unity.xr.oculus@1.11.2/Runtime/OculusLoader.cs Line: 250)

Mono: successfully reloaded assembly
- Completed reload, in  1.204 seconds
Platform modules already initialized, skipping
Switching build target platform(19) subTarget(0) extendedPlatform(0) -> platform(13) subTarget(589824) extendedPlatform(0)
Refreshing native plugins compatible for Editor in 1.08 ms, found 12 plugins.
Preloading 1 native plugins for Editor in 0.08 ms.
Unloading 3041 Unused Serialized files (Serialized files now loaded: 0)
System memory in use before: 120.2 MB.
System memory in use after: 120.4 MB.

Unloading 78 unused Assets to reduce memory usage. Loaded Objects now: 3534.
Total: 5.737100 ms (FindLiveObjects: 0.303800 ms CreateObjectMapping: 0.126600 ms MarkObjects: 5.270200 ms  DeleteObjects: 0.035500 ms)

AssetImportParameters requested are different than current active one (requested -> active):
  custom:graphics/normal-map-encoding: 01000000000000000000000000000000 -> 02000000000000000000000000000000
========================================================================
Received Prepare
Registering precompiled user dll's ...
Registered in 0.011310 seconds.
Begin MonoManager ReloadAssembly
Native extension for WindowsStandalone target not found
Native extension for WebGL target not found
Refreshing native plugins compatible for Editor in 1.14 ms, found 12 plugins.
Preloading 1 native plugins for Editor in 0.09 ms.
NullReferenceException: Object reference not set to an instance of an object
  at Unity.XR.Oculus.OculusLoader.AssetPathToAbsolutePath (System.String assetPath) [0x0004c] in C:\Users\contr\Documents\G\Dev\Unity\ABL-6.2\ABL 6\Library\PackageCache\com.unity.xr.oculus@1.11.2\Runtime\OculusLoader.cs:250 
  at Unity.XR.Oculus.OculusLoader.EditorLoadOVRPlugin () [0x000b0] in C:\Users\contr\Documents\G\Dev\Unity\ABL-6.2\ABL 6\Library\PackageCache\com.unity.xr.oculus@1.11.2\Runtime\OculusLoader.cs:235 

(Filename: Library/PackageCache/com.unity.xr.oculus@1.11.2/Runtime/OculusLoader.cs Line: 250)

Mono: successfully reloaded assembly
- Completed reload, in  1.172 seconds
Platform modules already initialized, skipping
Switching build target platform(19) subTarget(0) extendedPlatform(0) -> platform(13) subTarget(589824) extendedPlatform(0)
Refreshing native plugins compatible for Editor in 1.07 ms, found 12 plugins.
Preloading 1 native plugins for Editor in 0.09 ms.
Unloading 3041 Unused Serialized files (Serialized files now loaded: 0)
System memory in use before: 120.2 MB.
System memory in use after: 120.4 MB.

Unloading 78 unused Assets to reduce memory usage. Loaded Objects now: 3537.
Total: 5.977400 ms (FindLiveObjects: 0.341400 ms CreateObjectMapping: 0.152900 ms MarkObjects: 5.442900 ms  DeleteObjects: 0.038800 ms)

AssetImportParameters requested are different than current active one (requested -> active):
  custom:graphics/normal-map-encoding: 01000000000000000000000000000000 -> 02000000000000000000000000000000
========================================================================
Received Import Request.
  Time since last request: 3291.024318 seconds.
  path: Assets/DigitalSalmon/C360/Example Tour/Prefabs/AudioSource.prefab
  artifactKey: Guid(6205a49a0ff0d5744b0e3da8d7321b5e) Importer(815301076,1909f56bfc062723c751e8b465ee728b)
Start importing Assets/DigitalSalmon/C360/Example Tour/Prefabs/AudioSource.prefab using Guid(6205a49a0ff0d5744b0e3da8d7321b5e) Importer(815301076,1909f56bfc062723c751e8b465ee728b)  -> (artifact id: 'edc53ca59a9b1c7ebaa65cd44a8224a1') in 0.086774 seconds
  Import took 0.094633 seconds .

========================================================================
Received Import Request.
  Time since last request: 0.000617 seconds.
  path: Assets/Samples/OpenXR Plugin/1.3.1/Controller/Prefabs/ControlText.prefab
  artifactKey: Guid(0ff2eaa1d70408346a26179d75252fc4) Importer(815301076,1909f56bfc062723c751e8b465ee728b)
Start importing Assets/Samples/OpenXR Plugin/1.3.1/Controller/Prefabs/ControlText.prefab using Guid(0ff2eaa1d70408346a26179d75252fc4) Importer(815301076,1909f56bfc062723c751e8b465ee728b)  -> (artifact id: 'd93086675a31c6de7f17c851e38916ac') in 0.021718 seconds
  Import took 0.027906 seconds .

========================================================================
Received Import Request.
  Time since last request: 0.000338 seconds.
  path: Assets/DigitalSalmon/C360/Example Tour/Prefabs/Menu/Event Button.prefab
  artifactKey: Guid(9c891ae985869d048b7908564c74c84c) Importer(815301076,1909f56bfc062723c751e8b465ee728b)
Start importing Assets/DigitalSalmon/C360/Example Tour/Prefabs/Menu/Event Button.prefab using Guid(9c891ae985869d048b7908564c74c84c) Importer(815301076,1909f56bfc062723c751e8b465ee728b)  -> (artifact id: '4c9b68b2f471d8855cf71248133af2f3') in 0.101791 seconds
  Import took 0.107947 seconds .

========================================================================
Received Import Request.
  Time since last request: 0.000224 seconds.
  path: Assets/DigitalSalmon/C360/Runtime/Hotspot/Hotspot.prefab
  artifactKey: Guid(4f174464c3dcaab458158a146d582ca5) Importer(815301076,1909f56bfc062723c751e8b465ee728b)
Start importing Assets/DigitalSalmon/C360/Runtime/Hotspot/Hotspot.prefab using Guid(4f174464c3dcaab458158a146d582ca5) Importer(815301076,1909f56bfc062723c751e8b465ee728b)  -> (artifact id: '8c807eee010d690bfc36bb9b214d61ae') in 0.015162 seconds
  Import took 0.021584 seconds .

========================================================================
Received Import Request.
  Time since last request: 0.000267 seconds.
  path: Assets/Samples/OpenXR Plugin/1.3.1/Controller/Prefabs/Vector2Control.prefab
  artifactKey: Guid(837cf611fc96adc49a471685e893097a) Importer(815301076,1909f56bfc062723c751e8b465ee728b)
Start importing Assets/Samples/OpenXR Plugin/1.3.1/Controller/Prefabs/Vector2Control.prefab using Guid(837cf611fc96adc49a471685e893097a) Importer(815301076,1909f56bfc062723c751e8b465ee728b)  -> (artifact id: '20e521246ed4e77b9fd6e7e7d3cadf77') in 0.010034 seconds
  Import took 0.015646 seconds .

========================================================================
Received Import Request.
  Time since last request: 0.000226 seconds.
  path: Assets/Samples/OpenXR Plugin/1.3.1/Meshing Subsystem Feature/DynamicMeshPrefab.prefab
  artifactKey: Guid(3ebc6439fa8ba274985db624056324df) Importer(815301076,1909f56bfc062723c751e8b465ee728b)
Start importing Assets/Samples/OpenXR Plugin/1.3.1/Meshing Subsystem Feature/DynamicMeshPrefab.prefab using Guid(3ebc6439fa8ba274985db624056324df) Importer(815301076,1909f56bfc062723c751e8b465ee728b)  -> (artifact id: 'c80521566a8a288e1ed2df698efa278d') in 0.010181 seconds
  Import took 0.015078 seconds .

========================================================================
Received Import Request.
  Time since last request: 0.000256 seconds.
  path: Assets/DigitalSalmon/C360/Example Tour/Prefabs/Animated Popups/Image Popup.prefab
  artifactKey: Guid(2152a83dbf910b7488b6149889b9addf) Importer(815301076,1909f56bfc062723c751e8b465ee728b)
Start importing Assets/DigitalSalmon/C360/Example Tour/Prefabs/Animated Popups/Image Popup.prefab using Guid(2152a83dbf910b7488b6149889b9addf) Importer(815301076,1909f56bfc062723c751e8b465ee728b)  -> (artifact id: '4b8383dc4405f4f2469cd52bb2e2a601') in 0.103314 seconds
  Import took 0.108549 seconds .

========================================================================
Received Import Request.
  Time since last request: 0.000251 seconds.
  path: Assets/Samples/OpenXR Plugin/1.3.1/Controller/Prefabs/Controller.prefab
  artifactKey: Guid(81eb8a07f64251845bbe5c9a2ef66920) Importer(815301076,1909f56bfc062723c751e8b465ee728b)
Start importing Assets/Samples/OpenXR Plugin/1.3.1/Controller/Prefabs/Controller.prefab using Guid(81eb8a07f64251845bbe5c9a2ef66920) Importer(815301076,1909f56bfc062723c751e8b465ee728b)  -> (artifact id: '3690b653bb2ab3d1514c54b51ab29732') in 0.367892 seconds
  Import took 0.372993 seconds .

========================================================================
Received Import Request.
  Time since last request: 0.000261 seconds.
  path: Assets/DigitalSalmon/C360/Example Tour/Prefabs/Animated Popups/Text Popup.prefab
  artifactKey: Guid(05e2cf710660130459f2a3b88349819c) Importer(815301076,1909f56bfc062723c751e8b465ee728b)
Start importing Assets/DigitalSalmon/C360/Example Tour/Prefabs/Animated Popups/Text Popup.prefab using Guid(05e2cf710660130459f2a3b88349819c) Importer(815301076,1909f56bfc062723c751e8b465ee728b)  -> (artifact id: '4f69e73b818a1720293a47a0a70cfb36') in 0.116001 seconds
  Import took 0.121494 seconds .

========================================================================
Received Import Request.
  Time since last request: 0.000295 seconds.
  path: Assets/Samples/XR Interaction Toolkit/2.0.0-pre.6/XR Device Simulator/XR Device Simulator.prefab
  artifactKey: Guid(9f5a24a380916d14db9775daab4fe333) Importer(815301076,1909f56bfc062723c751e8b465ee728b)
Start importing Assets/Samples/XR Interaction Toolkit/2.0.0-pre.6/XR Device Simulator/XR Device Simulator.prefab using Guid(9f5a24a380916d14db9775daab4fe333) Importer(815301076,1909f56bfc062723c751e8b465ee728b)  -> (artifact id: '1d516b56869f0c20bbe1a3cd885c6aaf') in 0.016368 seconds
  Import took 0.022081 seconds .

========================================================================
Received Import Request.
  Time since last request: 0.000353 seconds.
  path: Assets/Samples/OpenXR Plugin/1.3.1/Controller/Prefabs/ControlRow.prefab
  artifactKey: Guid(b6a26f020d44b1a4aa35cda05851aa22) Importer(815301076,1909f56bfc062723c751e8b465ee728b)
Start importing Assets/Samples/OpenXR Plugin/1.3.1/Controller/Prefabs/ControlRow.prefab using Guid(b6a26f020d44b1a4aa35cda05851aa22) Importer(815301076,1909f56bfc062723c751e8b465ee728b)  -> (artifact id: '080d16812804c427e0f74b1ea9bbca7c') in 0.009591 seconds
  Import took 0.015775 seconds .

========================================================================
Received Import Request.
  Time since last request: 0.000212 seconds.
  path: Packages/com.unity.analytics/DataPrivacy/DataPrivacyButton.prefab
  artifactKey: Guid(71b11355001648444b41d17fd36c150d) Importer(815301076,1909f56bfc062723c751e8b465ee728b)
Start importing Packages/com.unity.analytics/DataPrivacy/DataPrivacyButton.prefab using Guid(71b11355001648444b41d17fd36c150d) Importer(815301076,1909f56bfc062723c751e8b465ee728b)  -> (artifact id: '09f9b9e315ebd1998aa1d3e23c6e34d4') in 0.020291 seconds
  Import took 0.025571 seconds .

========================================================================
Received Import Request.
  Time since last request: 0.000300 seconds.
  path: Assets/DigitalSalmon/C360/Example Tour/Prefabs/Menu/Node Button.prefab
  artifactKey: Guid(e9ab72ff9b7e86a49984498688b36212) Importer(815301076,1909f56bfc062723c751e8b465ee728b)
Start importing Assets/DigitalSalmon/C360/Example Tour/Prefabs/Menu/Node Button.prefab using Guid(e9ab72ff9b7e86a49984498688b36212) Importer(815301076,1909f56bfc062723c751e8b465ee728b)  -> (artifact id: 'd171f9fea6ad7f98aea6f26a06a51daf') in 0.038187 seconds
  Import took 0.043154 seconds .

========================================================================
Received Import Request.
  Time since last request: 0.000317 seconds.
  path: Assets/Samples/OpenXR Plugin/1.3.1/Controller/Prefabs/AxisControl.prefab
  artifactKey: Guid(f57e3eacc280d3d458ff758606e5e5a8) Importer(815301076,1909f56bfc062723c751e8b465ee728b)
Start importing Assets/Samples/OpenXR Plugin/1.3.1/Controller/Prefabs/AxisControl.prefab using Guid(f57e3eacc280d3d458ff758606e5e5a8) Importer(815301076,1909f56bfc062723c751e8b465ee728b)  -> (artifact id: '9496d7251f179dac19cef4dcc2267eab') in 0.008545 seconds
  Import took 0.013543 seconds .

========================================================================
Received Import Request.
  Time since last request: 0.000293 seconds.
  path: Assets/DigitalSalmon/PreFabs/Scene Change Button.prefab
  artifactKey: Guid(8ceda87510e2c44ca914f75c7528b72e) Importer(815301076,1909f56bfc062723c751e8b465ee728b)
Start importing Assets/DigitalSalmon/PreFabs/Scene Change Button.prefab using Guid(8ceda87510e2c44ca914f75c7528b72e) Importer(815301076,1909f56bfc062723c751e8b465ee728b)  -> (artifact id: '02ffa88dab5e4a74aef1af9be2d8ec76') in 0.034757 seconds
  Import took 0.040232 seconds .

========================================================================
Received Import Request.
  Time since last request: 0.000238 seconds.
  path: Assets/DigitalSalmon/C360/Example Tour/Prefabs/Menu/Scene Button.prefab
  artifactKey: Guid(d7d9f2c063a852c4aa033513bf6971c1) Importer(815301076,1909f56bfc062723c751e8b465ee728b)
Start importing Assets/DigitalSalmon/C360/Example Tour/Prefabs/Menu/Scene Button.prefab using Guid(d7d9f2c063a852c4aa033513bf6971c1) Importer(815301076,1909f56bfc062723c751e8b465ee728b)  -> (artifact id: '87e587a83656bec9644a5d06a945783a') in 0.030915 seconds
  Import took 0.037358 seconds .

========================================================================
Received Import Request.
  Time since last request: 0.000313 seconds.
  path: Assets/Samples/OpenXR Plugin/1.3.1/Controller/Prefabs/ButtonControl.prefab
  artifactKey: Guid(b614c53ca6fa42a4581fd9f7e437ad2d) Importer(815301076,1909f56bfc062723c751e8b465ee728b)
Start importing Assets/Samples/OpenXR Plugin/1.3.1/Controller/Prefabs/ButtonControl.prefab using Guid(b614c53ca6fa42a4581fd9f7e437ad2d) Importer(815301076,1909f56bfc062723c751e8b465ee728b)  -> (artifact id: 'fea051f4949ca7616140c22bca5e202b') in 0.010024 seconds
  Import took 0.016539 seconds .

========================================================================
Received Import Request.
  Time since last request: 0.000455 seconds.
  path: Assets/DigitalSalmon/C360/Example Tour/Prefabs/Menu/Scene Menu.prefab
  artifactKey: Guid(ae961d7622cc17748a38fc75a45db5f8) Importer(815301076,1909f56bfc062723c751e8b465ee728b)
Start importing Assets/DigitalSalmon/C360/Example Tour/Prefabs/Menu/Scene Menu.prefab using Guid(ae961d7622cc17748a38fc75a45db5f8) Importer(815301076,1909f56bfc062723c751e8b465ee728b)  -> (artifact id: 'f1636cae37506094cff259cd6b4771cc') in 0.067905 seconds
  Import took 0.074729 seconds .

========================================================================
Received Import Request.
  Time since last request: 0.000245 seconds.
  path: Assets/DigitalSalmon/C360/Example Tour/Prefabs/Static/MyText.prefab
  artifactKey: Guid(97f1dc905c258ab4c8e0550f103c0bbd) Importer(815301076,1909f56bfc062723c751e8b465ee728b)
Start importing Assets/DigitalSalmon/C360/Example Tour/Prefabs/Static/MyText.prefab using Guid(97f1dc905c258ab4c8e0550f103c0bbd) Importer(815301076,1909f56bfc062723c751e8b465ee728b)  -> (artifact id: 'c9c39b586b84c24239a733653cea1832') in 0.031383 seconds
  Import took 0.037143 seconds .

========================================================================
Received Import Request.
  Time since last request: 0.000262 seconds.
  path: Assets/DigitalSalmon/C360/Runtime/Complete360Tour.prefab
  artifactKey: Guid(f3cfd890529c4034c8240d0b7b0507d8) Importer(815301076,1909f56bfc062723c751e8b465ee728b)
Start importing Assets/DigitalSalmon/C360/Runtime/Complete360Tour.prefab using Guid(f3cfd890529c4034c8240d0b7b0507d8) Importer(815301076,1909f56bfc062723c751e8b465ee728b)  -> (artifact id: '72532bffb26d88e2248037adc64c87dd') in 0.088696 seconds
  Import took 0.093894 seconds .

========================================================================
Received Import Request.
  Time since last request: 0.000268 seconds.
  path: Assets/DigitalSalmon/C360/Example Tour/Prefabs/Static/Text Static.prefab
  artifactKey: Guid(fac570353cbcfe24c98ef4105024e9bb) Importer(815301076,1909f56bfc062723c751e8b465ee728b)
Start importing Assets/DigitalSalmon/C360/Example Tour/Prefabs/Static/Text Static.prefab using Guid(fac570353cbcfe24c98ef4105024e9bb) Importer(815301076,1909f56bfc062723c751e8b465ee728b)  -> (artifact id: '507dd849f2e39fc9172ef105e93f19a6') in 0.028874 seconds
  Import took 0.034082 seconds .

========================================================================
Received Import Request.
  Time since last request: 0.000284 seconds.
  path: Assets/DigitalSalmon/C360/Runtime/Camera/Crosshair/Crosshair.prefab
  artifactKey: Guid(8cba720043730394bbfbcc7f8a7c49a9) Importer(815301076,1909f56bfc062723c751e8b465ee728b)
Start importing Assets/DigitalSalmon/C360/Runtime/Camera/Crosshair/Crosshair.prefab using Guid(8cba720043730394bbfbcc7f8a7c49a9) Importer(815301076,1909f56bfc062723c751e8b465ee728b)  -> (artifact id: 'a05cc67b91448234512886b534ef7b9c') in 0.013996 seconds
  Import took 0.020141 seconds .

========================================================================
Received Import Request.
  Time since last request: 0.000262 seconds.
  path: Assets/DigitalSalmon/C360/Example Tour/Prefabs/Static/Video Static.prefab
  artifactKey: Guid(2aa9ee3c461e650458b82717c8eaf5ad) Importer(815301076,1909f56bfc062723c751e8b465ee728b)
Start importing Assets/DigitalSalmon/C360/Example Tour/Prefabs/Static/Video Static.prefab using Guid(2aa9ee3c461e650458b82717c8eaf5ad) Importer(815301076,1909f56bfc062723c751e8b465ee728b)  -> (artifact id: 'e732bfb27bd82b63eae1f79162c955d8') in 0.012969 seconds
  Import took 0.017674 seconds .

========================================================================
Received Import Request.
  Time since last request: 0.000265 seconds.
  path: Assets/DigitalSalmon/C360/Runtime/Camera/CameraBase.prefab
  artifactKey: Guid(2010b0132535624418bf69e9775d38e8) Importer(815301076,1909f56bfc062723c751e8b465ee728b)
Start importing Assets/DigitalSalmon/C360/Runtime/Camera/CameraBase.prefab using Guid(2010b0132535624418bf69e9775d38e8) Importer(815301076,1909f56bfc062723c751e8b465ee728b)  -> (artifact id: '3e6e7ae48b5f4074c07ae6007421c08e') in 0.013616 seconds
  Import took 0.018777 seconds .

========================================================================
Received Import Request.
  Time since last request: 0.000355 seconds.
  path: Assets/DigitalSalmon/C360/Runtime/Base Plate/Base Plate.prefab
  artifactKey: Guid(02210418a2292424c85d9e32c7a2b024) Importer(815301076,1909f56bfc062723c751e8b465ee728b)
Start importing Assets/DigitalSalmon/C360/Runtime/Base Plate/Base Plate.prefab using Guid(02210418a2292424c85d9e32c7a2b024) Importer(815301076,1909f56bfc062723c751e8b465ee728b)  -> (artifact id: '65826a986c070aff64a673d607eed406') in 0.017935 seconds
  Import took 0.024324 seconds .

========================================================================
Received Import Request.
  Time since last request: 0.000221 seconds.
  path: Assets/DigitalSalmon/C360/Example Tour/Prefabs/Menu/Node Menu.prefab
  artifactKey: Guid(084844b03956ece47b32e2d113618b8e) Importer(815301076,1909f56bfc062723c751e8b465ee728b)
Start importing Assets/DigitalSalmon/C360/Example Tour/Prefabs/Menu/Node Menu.prefab using Guid(084844b03956ece47b32e2d113618b8e) Importer(815301076,1909f56bfc062723c751e8b465ee728b)  -> (artifact id: 'ebabf809d5668c81d7102fc24dedde95') in 0.052260 seconds
  Import took 0.057952 seconds .

========================================================================
Received Import Request.
  Time since last request: 0.000292 seconds.
  path: Assets/Samples/OpenXR Plugin/1.3.1/Controller/Prefabs/PoseMarker.prefab
  artifactKey: Guid(759d6c64eadd0244eb752fb65642d6d2) Importer(815301076,1909f56bfc062723c751e8b465ee728b)
Start importing Assets/Samples/OpenXR Plugin/1.3.1/Controller/Prefabs/PoseMarker.prefab using Guid(759d6c64eadd0244eb752fb65642d6d2) Importer(815301076,1909f56bfc062723c751e8b465ee728b)  -> (artifact id: '4fe44b6099f3696909fabf24f1aed5c3') in 0.015679 seconds
  Import took 0.022732 seconds .

========================================================================
Received Import Request.
  Time since last request: 0.000243 seconds.
  path: Packages/com.unity.xr.legacyinputhelpers/Prefabs/XRRig.prefab
  artifactKey: Guid(c116b7497ab8ca34c9188965d4295e27) Importer(815301076,1909f56bfc062723c751e8b465ee728b)
Start importing Packages/com.unity.xr.legacyinputhelpers/Prefabs/XRRig.prefab using Guid(c116b7497ab8ca34c9188965d4295e27) Importer(815301076,1909f56bfc062723c751e8b465ee728b)  -> (artifact id: '4e0993ac88694dc4088532330439dbe4') in 0.013307 seconds
  Import took 0.017997 seconds .

========================================================================
Received Import Request.
  Time since last request: 0.000220 seconds.
  path: Assets/DigitalSalmon/C360/Example Tour/Prefabs/Animated Popups/Video Popup.prefab
  artifactKey: Guid(8bae16fc738765d479a379b0f4f8c5a9) Importer(815301076,1909f56bfc062723c751e8b465ee728b)
Start importing Assets/DigitalSalmon/C360/Example Tour/Prefabs/Animated Popups/Video Popup.prefab using Guid(8bae16fc738765d479a379b0f4f8c5a9) Importer(815301076,1909f56bfc062723c751e8b465ee728b)  -> (artifact id: '4743ceb03d13320a91e28a98bfc2f6ff') in 0.018076 seconds
  Import took 0.024411 seconds .

========================================================================
Received Import Request.
  Time since last request: 0.000263 seconds.
  path: Assets/DigitalSalmon/C360/Example Tour/Prefabs/Menu/Menu.prefab
  artifactKey: Guid(28a59dabcb06da64395f69168724daa0) Importer(815301076,1909f56bfc062723c751e8b465ee728b)
Start importing Assets/DigitalSalmon/C360/Example Tour/Prefabs/Menu/Menu.prefab using Guid(28a59dabcb06da64395f69168724daa0) Importer(815301076,1909f56bfc062723c751e8b465ee728b)  -> (artifact id: 'dbb844269b45804559881e0a6112912e') in 0.026593 seconds
  Import took 0.032438 seconds .

========================================================================
Received Import Request.
  Time since last request: 0.000356 seconds.
  path: Assets/DigitalSalmon/C360/Example Tour/Prefabs/Static/Image Static.prefab
  artifactKey: Guid(ce03e262d8d1c284fa6974888a1edff7) Importer(815301076,1909f56bfc062723c751e8b465ee728b)
Start importing Assets/DigitalSalmon/C360/Example Tour/Prefabs/Static/Image Static.prefab using Guid(ce03e262d8d1c284fa6974888a1edff7) Importer(815301076,1909f56bfc062723c751e8b465ee728b)  -> (artifact id: '986f35239c3aa480f7db3382298e9ecf') in 0.009984 seconds
  Import took 0.015819 seconds .

========================================================================
Received Prepare
Registering precompiled user dll's ...
Registered in 0.011317 seconds.
Begin MonoManager ReloadAssembly
Native extension for WindowsStandalone target not found
Native extension for WebGL target not found
Refreshing native plugins compatible for Editor in 1.17 ms, found 12 plugins.
Preloading 1 native plugins for Editor in 0.12 ms.
NullReferenceException: Object reference not set to an instance of an object
  at Unity.XR.Oculus.OculusLoader.AssetPathToAbsolutePath (System.String assetPath) [0x0004c] in C:\Users\contr\Documents\G\Dev\Unity\ABL-6.2\ABL 6\Library\PackageCache\com.unity.xr.oculus@1.11.2\Runtime\OculusLoader.cs:250 
  at Unity.XR.Oculus.OculusLoader.EditorLoadOVRPlugin () [0x000b0] in C:\Users\contr\Documents\G\Dev\Unity\ABL-6.2\ABL 6\Library\PackageCache\com.unity.xr.oculus@1.11.2\Runtime\OculusLoader.cs:235 

(Filename: Library/PackageCache/com.unity.xr.oculus@1.11.2/Runtime/OculusLoader.cs Line: 250)

Mono: successfully reloaded assembly
- Completed reload, in  1.199 seconds
Platform modules already initialized, skipping
Switching build target platform(19) subTarget(0) extendedPlatform(0) -> platform(13) subTarget(589824) extendedPlatform(0)
Refreshing native plugins compatible for Editor in 1.13 ms, found 12 plugins.
Preloading 1 native plugins for Editor in 0.09 ms.
Unloading 3041 Unused Serialized files (Serialized files now loaded: 0)
System memory in use before: 120.6 MB.
System memory in use after: 120.8 MB.

Unloading 82 unused Assets to reduce memory usage. Loaded Objects now: 3549.
Total: 6.243300 ms (FindLiveObjects: 0.361400 ms CreateObjectMapping: 0.287500 ms MarkObjects: 5.505200 ms  DeleteObjects: 0.087800 ms)

AssetImportParameters requested are different than current active one (requested -> active):
  custom:graphics/normal-map-encoding: 01000000000000000000000000000000 -> 02000000000000000000000000000000
========================================================================
Received Import Request.
  Time since last request: 6.829688 seconds.
  path: Assets/DigitalSalmon/PreFabs/Scene Change Button.prefab
  artifactKey: Guid(8ceda87510e2c44ca914f75c7528b72e) Importer(815301076,1909f56bfc062723c751e8b465ee728b)
Start importing Assets/DigitalSalmon/PreFabs/Scene Change Button.prefab using Guid(8ceda87510e2c44ca914f75c7528b72e) Importer(815301076,1909f56bfc062723c751e8b465ee728b)  -> (artifact id: '1552dfdfe9a060b070e3445daf27bdbf') in 0.081176 seconds
  Import took 0.086145 seconds .

========================================================================
Received Import Request.
  Time since last request: 2.427197 seconds.
  path: Assets/DigitalSalmon/PreFabs/Scene Change Button.prefab
  artifactKey: Guid(8ceda87510e2c44ca914f75c7528b72e) Importer(815301076,1909f56bfc062723c751e8b465ee728b)
Start importing Assets/DigitalSalmon/PreFabs/Scene Change Button.prefab using Guid(8ceda87510e2c44ca914f75c7528b72e) Importer(815301076,1909f56bfc062723c751e8b465ee728b)  -> (artifact id: '955622d50639c114c57dada5a30ab89c') in 0.026539 seconds
  Import took 0.032298 seconds .

========================================================================
Received Import Request.
  Time since last request: 7.238176 seconds.
  path: Assets/DigitalSalmon/PreFabs/Scene Change Button.prefab
  artifactKey: Guid(8ceda87510e2c44ca914f75c7528b72e) Importer(815301076,1909f56bfc062723c751e8b465ee728b)
Start importing Assets/DigitalSalmon/PreFabs/Scene Change Button.prefab using Guid(8ceda87510e2c44ca914f75c7528b72e) Importer(815301076,1909f56bfc062723c751e8b465ee728b)  -> (artifact id: '5c718bf2d3ee8e04f31842a9a42a4e2d') in 0.029353 seconds
  Import took 0.035621 seconds .

========================================================================
Received Prepare
Registering precompiled user dll's ...
Registered in 0.032514 seconds.
Begin MonoManager ReloadAssembly
Native extension for WindowsStandalone target not found
Native extension for WebGL target not found
Refreshing native plugins compatible for Editor in 1.56 ms, found 12 plugins.
Preloading 1 native plugins for Editor in 0.13 ms.
NullReferenceException: Object reference not set to an instance of an object
  at Unity.XR.Oculus.OculusLoader.AssetPathToAbsolutePath (System.String assetPath) [0x0004c] in C:\Users\contr\Documents\G\Dev\Unity\ABL-6.2\ABL 6\Library\PackageCache\com.unity.xr.oculus@1.11.2\Runtime\OculusLoader.cs:250 
  at Unity.XR.Oculus.OculusLoader.EditorLoadOVRPlugin () [0x000b0] in C:\Users\contr\Documents\G\Dev\Unity\ABL-6.2\ABL 6\Library\PackageCache\com.unity.xr.oculus@1.11.2\Runtime\OculusLoader.cs:235 

(Filename: Library/PackageCache/com.unity.xr.oculus@1.11.2/Runtime/OculusLoader.cs Line: 250)

Mono: successfully reloaded assembly
- Completed reload, in  2.119 seconds
Platform modules already initialized, skipping
Switching build target platform(19) subTarget(0) extendedPlatform(0) -> platform(13) subTarget(589824) extendedPlatform(0)
Refreshing native plugins compatible for Editor in 1.37 ms, found 12 plugins.
Preloading 1 native plugins for Editor in 0.21 ms.
Unloading 3041 Unused Serialized files (Serialized files now loaded: 0)
System memory in use before: 120.6 MB.
System memory in use after: 120.8 MB.

Unloading 79 unused Assets to reduce memory usage. Loaded Objects now: 3552.
Total: 8.976800 ms (FindLiveObjects: 0.358300 ms CreateObjectMapping: 0.166000 ms MarkObjects: 7.243900 ms  DeleteObjects: 1.206500 ms)

AssetImportParameters requested are different than current active one (requested -> active):
  custom:graphics/normal-map-encoding: 01000000000000000000000000000000 -> 02000000000000000000000000000000
========================================================================
Received Import Request.
  Time since last request: 648.711274 seconds.
  path: Assets/DigitalSalmon/PreFabs/Scene Change Button.prefab
  artifactKey: Guid(8ceda87510e2c44ca914f75c7528b72e) Importer(815301076,1909f56bfc062723c751e8b465ee728b)
Start importing Assets/DigitalSalmon/PreFabs/Scene Change Button.prefab using Guid(8ceda87510e2c44ca914f75c7528b72e) Importer(815301076,1909f56bfc062723c751e8b465ee728b)  -> (artifact id: '642f5dac3d544dbed820fb40d1dbaea0') in 0.243017 seconds
  Import took 0.252608 seconds .

========================================================================
Received Import Request.
  Time since last request: 4.175377 seconds.
  path: Assets/DigitalSalmon/PreFabs/Scene Change Button.prefab
  artifactKey: Guid(8ceda87510e2c44ca914f75c7528b72e) Importer(815301076,1909f56bfc062723c751e8b465ee728b)
Start importing Assets/DigitalSalmon/PreFabs/Scene Change Button.prefab using Guid(8ceda87510e2c44ca914f75c7528b72e) Importer(815301076,1909f56bfc062723c751e8b465ee728b)  -> (artifact id: 'aecee128f76716f1759d52055d5feef6') in 0.034015 seconds
  Import took 0.041166 seconds .

========================================================================
Received Import Request.
  Time since last request: 13.426628 seconds.
  path: Assets/DigitalSalmon/PreFabs/Scene Change Button.prefab
  artifactKey: Guid(8ceda87510e2c44ca914f75c7528b72e) Importer(815301076,1909f56bfc062723c751e8b465ee728b)
Start importing Assets/DigitalSalmon/PreFabs/Scene Change Button.prefab using Guid(8ceda87510e2c44ca914f75c7528b72e) Importer(815301076,1909f56bfc062723c751e8b465ee728b)  -> (artifact id: '08ad28e49126b8f50146190ad2eb6e45') in 0.032064 seconds
  Import took 0.038982 seconds .

========================================================================
Received Import Request.
  Time since last request: 2.275608 seconds.
  path: Assets/DigitalSalmon/PreFabs/Scene Change Button.prefab
  artifactKey: Guid(8ceda87510e2c44ca914f75c7528b72e) Importer(815301076,1909f56bfc062723c751e8b465ee728b)
Start importing Assets/DigitalSalmon/PreFabs/Scene Change Button.prefab using Guid(8ceda87510e2c44ca914f75c7528b72e) Importer(815301076,1909f56bfc062723c751e8b465ee728b)  -> (artifact id: '110af4279880366f8fec32322045005f') in 0.029118 seconds
  Import took 0.035377 seconds .

========================================================================
Received Import Request.
  Time since last request: 6.912595 seconds.
  path: Assets/DigitalSalmon/PreFabs/Scene Change Button.prefab
  artifactKey: Guid(8ceda87510e2c44ca914f75c7528b72e) Importer(815301076,1909f56bfc062723c751e8b465ee728b)
Start importing Assets/DigitalSalmon/PreFabs/Scene Change Button.prefab using Guid(8ceda87510e2c44ca914f75c7528b72e) Importer(815301076,1909f56bfc062723c751e8b465ee728b)  -> (artifact id: '19ddf2616500f32e35d193f2121660e9') in 0.033719 seconds
  Import took 0.041079 seconds .

========================================================================
Received Import Request.
  Time since last request: 6.424029 seconds.
  path: Assets/DigitalSalmon/PreFabs/Scene Change Button.prefab
  artifactKey: Guid(8ceda87510e2c44ca914f75c7528b72e) Importer(815301076,1909f56bfc062723c751e8b465ee728b)
Start importing Assets/DigitalSalmon/PreFabs/Scene Change Button.prefab using Guid(8ceda87510e2c44ca914f75c7528b72e) Importer(815301076,1909f56bfc062723c751e8b465ee728b)  -> (artifact id: '3463f43fa13631664781ddf46bb43014') in 0.030117 seconds
  Import took 0.036278 seconds .

========================================================================
Received Prepare
Registering precompiled user dll's ...
Registered in 0.042029 seconds.
Begin MonoManager ReloadAssembly
Native extension for WindowsStandalone target not found
Native extension for WebGL target not found
Refreshing native plugins compatible for Editor in 1.11 ms, found 12 plugins.
Preloading 1 native plugins for Editor in 0.09 ms.
NullReferenceException: Object reference not set to an instance of an object
  at Unity.XR.Oculus.OculusLoader.AssetPathToAbsolutePath (System.String assetPath) [0x0004c] in C:\Users\contr\Documents\G\Dev\Unity\ABL-6.2\ABL 6\Library\PackageCache\com.unity.xr.oculus@1.11.2\Runtime\OculusLoader.cs:250 
  at Unity.XR.Oculus.OculusLoader.EditorLoadOVRPlugin () [0x000b0] in C:\Users\contr\Documents\G\Dev\Unity\ABL-6.2\ABL 6\Library\PackageCache\com.unity.xr.oculus@1.11.2\Runtime\OculusLoader.cs:235 

(Filename: Library/PackageCache/com.unity.xr.oculus@1.11.2/Runtime/OculusLoader.cs Line: 250)

Mono: successfully reloaded assembly
- Completed reload, in  1.369 seconds
Platform modules already initialized, skipping
Switching build target platform(19) subTarget(0) extendedPlatform(0) -> platform(13) subTarget(589824) extendedPlatform(0)
Refreshing native plugins compatible for Editor in 1.14 ms, found 12 plugins.
Preloading 1 native plugins for Editor in 0.09 ms.
Unloading 3041 Unused Serialized files (Serialized files now loaded: 0)
System memory in use before: 120.6 MB.
System memory in use after: 120.8 MB.

Unloading 79 unused Assets to reduce memory usage. Loaded Objects now: 3555.
Total: 5.957500 ms (FindLiveObjects: 0.301900 ms CreateObjectMapping: 0.149400 ms MarkObjects: 5.459000 ms  DeleteObjects: 0.046000 ms)

AssetImportParameters requested are different than current active one (requested -> active):
  custom:graphics/normal-map-encoding: 01000000000000000000000000000000 -> 02000000000000000000000000000000
========================================================================
Received Import Request.
  Time since last request: 1598.145136 seconds.
  path: Assets/DigitalSalmon/C360/Runtime/Hotspot/Hotspot.mat
  artifactKey: Guid(62077071775b462498090a6dd316e019) Importer(815301076,1909f56bfc062723c751e8b465ee728b)
Start importing Assets/DigitalSalmon/C360/Runtime/Hotspot/Hotspot.mat using Guid(62077071775b462498090a6dd316e019) Importer(815301076,1909f56bfc062723c751e8b465ee728b)  -> (artifact id: '7da9cf53dca052d2a8f32a41ca39fa35') in 0.247839 seconds
  Import took 0.259551 seconds .

========================================================================
Received Import Request.
  Time since last request: 0.005304 seconds.
  path: Assets/DigitalSalmon/C360/Runtime/Hotspot/Hotspot.mat
  artifactKey: Guid(62077071775b462498090a6dd316e019) Importer(815301076,1909f56bfc062723c751e8b465ee728b)
Start importing Assets/DigitalSalmon/C360/Runtime/Hotspot/Hotspot.mat using Guid(62077071775b462498090a6dd316e019) Importer(815301076,1909f56bfc062723c751e8b465ee728b)  -> (artifact id: '7da9cf53dca052d2a8f32a41ca39fa35') in 0.011133 seconds
  Import took 0.019859 seconds .

========================================================================
Received Import Request.
  Time since last request: 114.627792 seconds.
  path: Assets/DigitalSalmon/C360/Runtime/Hotspot/Hotspot.cs
  artifactKey: Guid(c1f977b75776fe34691cea09b1956462) Importer(815301076,1909f56bfc062723c751e8b465ee728b)
Start importing Assets/DigitalSalmon/C360/Runtime/Hotspot/Hotspot.cs using Guid(c1f977b75776fe34691cea09b1956462) Importer(815301076,1909f56bfc062723c751e8b465ee728b)  -> (artifact id: '68097794dcf4dcda1711ef1a3ac0f533') in 0.003347 seconds
  Import took 0.010780 seconds .

========================================================================
Received Import Request.
  Time since last request: 0.011244 seconds.
  path: Assets/DigitalSalmon/C360/Runtime/Hotspot/Hotspot.cs
  artifactKey: Guid(c1f977b75776fe34691cea09b1956462) Importer(815301076,1909f56bfc062723c751e8b465ee728b)
Start importing Assets/DigitalSalmon/C360/Runtime/Hotspot/Hotspot.cs using Guid(c1f977b75776fe34691cea09b1956462) Importer(815301076,1909f56bfc062723c751e8b465ee728b)  -> (artifact id: '68097794dcf4dcda1711ef1a3ac0f533') in 0.002462 seconds
  Import took 0.008137 seconds .

========================================================================
Received Prepare
Registering precompiled user dll's ...
Registered in 0.038968 seconds.
Begin MonoManager ReloadAssembly
Native extension for WindowsStandalone target not found
Native extension for WebGL target not found
Refreshing native plugins compatible for Editor in 1.47 ms, found 12 plugins.
Preloading 1 native plugins for Editor in 0.42 ms.
NullReferenceException: Object reference not set to an instance of an object
  at Unity.XR.Oculus.OculusLoader.AssetPathToAbsolutePath (System.String assetPath) [0x0004c] in C:\Users\contr\Documents\G\Dev\Unity\ABL-6.2\ABL 6\Library\PackageCache\com.unity.xr.oculus@1.11.2\Runtime\OculusLoader.cs:250 
  at Unity.XR.Oculus.OculusLoader.EditorLoadOVRPlugin () [0x000b0] in C:\Users\contr\Documents\G\Dev\Unity\ABL-6.2\ABL 6\Library\PackageCache\com.unity.xr.oculus@1.11.2\Runtime\OculusLoader.cs:235 

(Filename: Library/PackageCache/com.unity.xr.oculus@1.11.2/Runtime/OculusLoader.cs Line: 250)

Mono: successfully reloaded assembly
- Completed reload, in  3.445 seconds
Platform modules already initialized, skipping
Switching build target platform(19) subTarget(0) extendedPlatform(0) -> platform(13) subTarget(589824) extendedPlatform(0)
Refreshing native plugins compatible for Editor in 1.15 ms, found 12 plugins.
Preloading 1 native plugins for Editor in 0.09 ms.
Unloading 3041 Unused Serialized files (Serialized files now loaded: 0)
System memory in use before: 120.8 MB.
System memory in use after: 121.1 MB.

Unloading 78 unused Assets to reduce memory usage. Loaded Objects now: 3592.
Total: 7.712700 ms (FindLiveObjects: 0.305100 ms CreateObjectMapping: 0.147300 ms MarkObjects: 7.188200 ms  DeleteObjects: 0.070800 ms)

AssetImportParameters requested are different than current active one (requested -> active):
  custom:graphics/normal-map-encoding: 01000000000000000000000000000000 -> 02000000000000000000000000000000
========================================================================
Received Import Request.
  Time since last request: 2809.864422 seconds.
  path: Assets/XR/Settings/Open XR Package Settings.asset
  artifactKey: Guid(cabce5002c4a846a7aace1024fdfcefe) Importer(815301076,1909f56bfc062723c751e8b465ee728b)
Start importing Assets/XR/Settings/Open XR Package Settings.asset using Guid(cabce5002c4a846a7aace1024fdfcefe) Importer(815301076,1909f56bfc062723c751e8b465ee728b)  -> (artifact id: 'cba27a90f8b6030923209d400ef3ec87') in 0.475526 seconds
  Import took 0.659332 seconds .

========================================================================
Received Import Request.
  Time since last request: 0.001376 seconds.
  path: Assets/XRI/Settings/Resources/InteractionLayerSettings.asset
  artifactKey: Guid(7d7046c84461249b2a42d78c1a62f0e8) Importer(815301076,1909f56bfc062723c751e8b465ee728b)
Start importing Assets/XRI/Settings/Resources/InteractionLayerSettings.asset using Guid(7d7046c84461249b2a42d78c1a62f0e8) Importer(815301076,1909f56bfc062723c751e8b465ee728b)  -> (artifact id: 'fd9b2f8f5b5cb9802c278067e4409fce') in 0.017673 seconds
  Import took 0.023457 seconds .

========================================================================
Received Import Request.
  Time since last request: 0.000892 seconds.
  path: Assets/XRI/Settings/XRInteractionEditorSettings.asset
  artifactKey: Guid(40b4ce692ca6444a0ab03dd23cc42035) Importer(815301076,1909f56bfc062723c751e8b465ee728b)
Start importing Assets/XRI/Settings/XRInteractionEditorSettings.asset using Guid(40b4ce692ca6444a0ab03dd23cc42035) Importer(815301076,1909f56bfc062723c751e8b465ee728b)  -> (artifact id: '96a7ea7cff4dfe1320ef8320a67505b4') in 0.020123 seconds
  Import took 0.026062 seconds .

========================================================================
Received Import Request.
  Time since last request: 0.885479 seconds.
  path: Assets/DigitalSalmon/C360/Example Tour/Interactable Room.unity
  artifactKey: Guid(0b42c3b8ab6b74f1bbd73a85a8ce0197) Importer(815301076,1909f56bfc062723c751e8b465ee728b)
Start importing Assets/DigitalSalmon/C360/Example Tour/Interactable Room.unity using Guid(0b42c3b8ab6b74f1bbd73a85a8ce0197) Importer(815301076,1909f56bfc062723c751e8b465ee728b)  -> (artifact id: '1118fd27493c47d0a9d425b7ee232ce3') in 0.007857 seconds
  Import took 0.013331 seconds .

========================================================================
Received Import Request.
  Time since last request: 0.031912 seconds.
  path: Assets/DigitalSalmon/C360/Example Tour/Interactable Room.unity
  artifactKey: Guid(0b42c3b8ab6b74f1bbd73a85a8ce0197) Importer(815301076,1909f56bfc062723c751e8b465ee728b)
Start importing Assets/DigitalSalmon/C360/Example Tour/Interactable Room.unity using Guid(0b42c3b8ab6b74f1bbd73a85a8ce0197) Importer(815301076,1909f56bfc062723c751e8b465ee728b)  -> (artifact id: '1118fd27493c47d0a9d425b7ee232ce3') in 0.003718 seconds
  Import took 0.008889 seconds .

========================================================================
Received Prepare
Registering precompiled user dll's ...
Registered in 0.025309 seconds.
Begin MonoManager ReloadAssembly
Native extension for WindowsStandalone target not found
Native extension for WebGL target not found
Refreshing native plugins compatible for Editor in 1.18 ms, found 12 plugins.
Preloading 1 native plugins for Editor in 0.09 ms.
NullReferenceException: Object reference not set to an instance of an object
  at Unity.XR.Oculus.OculusLoader.AssetPathToAbsolutePath (System.String assetPath) [0x0004c] in C:\Users\contr\Documents\G\Dev\Unity\ABL-6.2\ABL 6\Library\PackageCache\com.unity.xr.oculus@1.11.2\Runtime\OculusLoader.cs:250 
  at Unity.XR.Oculus.OculusLoader.EditorLoadOVRPlugin () [0x000b0] in C:\Users\contr\Documents\G\Dev\Unity\ABL-6.2\ABL 6\Library\PackageCache\com.unity.xr.oculus@1.11.2\Runtime\OculusLoader.cs:235 

(Filename: Library/PackageCache/com.unity.xr.oculus@1.11.2/Runtime/OculusLoader.cs Line: 250)

Mono: successfully reloaded assembly
- Completed reload, in  1.657 seconds
Platform modules already initialized, skipping
Switching build target platform(19) subTarget(0) extendedPlatform(0) -> platform(13) subTarget(589824) extendedPlatform(0)
Refreshing native plugins compatible for Editor in 1.16 ms, found 12 plugins.
Preloading 1 native plugins for Editor in 0.10 ms.
Unloading 3041 Unused Serialized files (Serialized files now loaded: 0)
System memory in use before: 120.8 MB.
System memory in use after: 121.1 MB.

Unloading 78 unused Assets to reduce memory usage. Loaded Objects now: 3595.
Total: 5.713300 ms (FindLiveObjects: 0.406100 ms CreateObjectMapping: 0.145500 ms MarkObjects: 5.113600 ms  DeleteObjects: 0.047000 ms)

AssetImportParameters requested are different than current active one (requested -> active):
  custom:graphics/normal-map-encoding: 01000000000000000000000000000000 -> 02000000000000000000000000000000
========================================================================
Received Import Request.
  Time since last request: 1049.379895 seconds.
  path: Assets/DigitalSalmon/C360/Example Tour/ABL6.asset
  artifactKey: Guid(bd1c948be0093a8478c7f11afb57b143) Importer(815301076,1909f56bfc062723c751e8b465ee728b)
Start importing Assets/DigitalSalmon/C360/Example Tour/ABL6.asset using Guid(bd1c948be0093a8478c7f11afb57b143) Importer(815301076,1909f56bfc062723c751e8b465ee728b)  -> (artifact id: '9b3624575bd8d470c726a7a77e2df5e3') in 3.392828 seconds
  Import took 3.566004 seconds .

========================================================================
Received Import Request.
  Time since last request: 12.650166 seconds.
  path: Assets/DigitalSalmon/C360/Runtime/Base Plate/BasePlate.mat
  artifactKey: Guid(ff64e931075e8524492f916a350f4c1d) Importer(815301076,1909f56bfc062723c751e8b465ee728b)
Start importing Assets/DigitalSalmon/C360/Runtime/Base Plate/BasePlate.mat using Guid(ff64e931075e8524492f916a350f4c1d) Importer(815301076,1909f56bfc062723c751e8b465ee728b)  -> (artifact id: '761ed7b938f8b083a5e4f1e686fe59b3') in 0.303806 seconds
  Import took 0.312055 seconds .

========================================================================
Received Import Request.
  Time since last request: 0.001393 seconds.
  path: Assets/DigitalSalmon/C360/Runtime/MediaView/MediaView.mat
  artifactKey: Guid(4ebc1150a26981e44b14e86db24433aa) Importer(815301076,1909f56bfc062723c751e8b465ee728b)
Start importing Assets/DigitalSalmon/C360/Runtime/MediaView/MediaView.mat using Guid(4ebc1150a26981e44b14e86db24433aa) Importer(815301076,1909f56bfc062723c751e8b465ee728b)  -> (artifact id: '522f5cfd9a315dbc2e34c54151decaef') in 0.019765 seconds
  Import took 0.025750 seconds .

========================================================================
Received Import Request.
  Time since last request: 0.001048 seconds.
  path: Assets/TextMesh Pro/Resources/Fonts & Materials/LiberationSans SDF - Outline.mat
  artifactKey: Guid(79459efec17a4d00a321bdcc27bbc385) Importer(815301076,1909f56bfc062723c751e8b465ee728b)
Start importing Assets/TextMesh Pro/Resources/Fonts & Materials/LiberationSans SDF - Outline.mat using Guid(79459efec17a4d00a321bdcc27bbc385) Importer(815301076,1909f56bfc062723c751e8b465ee728b)  -> (artifact id: '73bfc51c5222557aa47c55c3d1b82acd') in 0.155892 seconds
  Import took 0.163364 seconds .

========================================================================
Received Import Request.
  Time since last request: 0.000720 seconds.
  path: Assets/DigitalSalmon/Core/Resources/Fonts/Roboto-Regular.ttf
  artifactKey: Guid(a0a1616398de22843b6eda6ef26e8afe) Importer(815301076,1909f56bfc062723c751e8b465ee728b)
Start importing Assets/DigitalSalmon/Core/Resources/Fonts/Roboto-Regular.ttf using Guid(a0a1616398de22843b6eda6ef26e8afe) Importer(815301076,1909f56bfc062723c751e8b465ee728b)  -> (artifact id: '313d20286840e65a4e068b4b731a6240') in 0.087204 seconds
  Import took 0.094530 seconds .

========================================================================
Received Import Request.
  Time since last request: 0.000627 seconds.
  path: Assets/DigitalSalmon/Core/Resources/Fonts/HelveticaLTStd-Roman.otf
  artifactKey: Guid(5bb2876255832fb4b9b24786ce0c310f) Importer(815301076,1909f56bfc062723c751e8b465ee728b)
Start importing Assets/DigitalSalmon/Core/Resources/Fonts/HelveticaLTStd-Roman.otf using Guid(5bb2876255832fb4b9b24786ce0c310f) Importer(815301076,1909f56bfc062723c751e8b465ee728b)  -> (artifact id: '5560c7ce1943009f6281a43e57e8657e') in 0.034193 seconds
  Import took 0.045215 seconds .

========================================================================
Received Import Request.
  Time since last request: 0.000678 seconds.
  path: Assets/DigitalSalmon/C360/Runtime/Fonts/Roboto-Light.ttf
  artifactKey: Guid(97e2f94c4dc7edc4bbd9d65bb469894b) Importer(815301076,1909f56bfc062723c751e8b465ee728b)
Start importing Assets/DigitalSalmon/C360/Runtime/Fonts/Roboto-Light.ttf using Guid(97e2f94c4dc7edc4bbd9d65bb469894b) Importer(815301076,1909f56bfc062723c751e8b465ee728b)  -> (artifact id: '08fb73da631293c29a568de6e73d1e40') in 0.033065 seconds
  Import took 0.044163 seconds .

========================================================================
Received Import Request.
  Time since last request: 0.001400 seconds.
  path: Assets/DigitalSalmon/C360/Runtime/Fonts/Roboto-MediumItalic.ttf
  artifactKey: Guid(b4bf15ed0285af44d9e70e803645dce3) Importer(815301076,1909f56bfc062723c751e8b465ee728b)
Start importing Assets/DigitalSalmon/C360/Runtime/Fonts/Roboto-MediumItalic.ttf using Guid(b4bf15ed0285af44d9e70e803645dce3) Importer(815301076,1909f56bfc062723c751e8b465ee728b)  -> (artifact id: '9c7fe3a37b6902c62545988c0747146b') in 0.035821 seconds
  Import took 0.042528 seconds .

========================================================================
Received Import Request.
  Time since last request: 0.000182 seconds.
  path: Assets/DigitalSalmon/C360/Runtime/Fonts/Roboto-Italic.ttf
  artifactKey: Guid(2ed04799b0828bc45ae5d2b330148664) Importer(815301076,1909f56bfc062723c751e8b465ee728b)
Start importing Assets/DigitalSalmon/C360/Runtime/Fonts/Roboto-Italic.ttf using Guid(2ed04799b0828bc45ae5d2b330148664) Importer(815301076,1909f56bfc062723c751e8b465ee728b)  -> (artifact id: '6d3727fd3ad445a42f9fff2498f7ee17') in 0.033466 seconds
  Import took 0.040159 seconds .

========================================================================
Received Import Request.
  Time since last request: 0.000673 seconds.
  path: Assets/DigitalSalmon/C360/Runtime/Fonts/Roboto-BoldItalic.ttf
  artifactKey: Guid(9b7faa7044b234646b20e733e07d37d8) Importer(815301076,1909f56bfc062723c751e8b465ee728b)
Start importing Assets/DigitalSalmon/C360/Runtime/Fonts/Roboto-BoldItalic.ttf using Guid(9b7faa7044b234646b20e733e07d37d8) Importer(815301076,1909f56bfc062723c751e8b465ee728b)  -> (artifact id: 'f33dac0ed07c4adf287a403eec0301c6') in 0.028100 seconds
  Import took 0.037684 seconds .

========================================================================
Received Import Request.
  Time since last request: 0.000329 seconds.
  path: Assets/DigitalSalmon/C360/Runtime/Fonts/Roboto-BlackItalic.ttf
  artifactKey: Guid(d6ebfb64bd7546b4491d6ffac512221a) Importer(815301076,1909f56bfc062723c751e8b465ee728b)
Start importing Assets/DigitalSalmon/C360/Runtime/Fonts/Roboto-BlackItalic.ttf using Guid(d6ebfb64bd7546b4491d6ffac512221a) Importer(815301076,1909f56bfc062723c751e8b465ee728b)  -> (artifact id: '72ae31ee5d1e34caec59b8f79be5180f') in 0.040665 seconds
  Import took 0.051258 seconds .

========================================================================
Received Import Request.
  Time since last request: 0.000258 seconds.
  path: Assets/DigitalSalmon/C360/Runtime/Fonts/Roboto-BoldItalic SDF.asset
  artifactKey: Guid(54576446c49ebe54b8a3ad2f825804d7) Importer(815301076,1909f56bfc062723c751e8b465ee728b)
Start importing Assets/DigitalSalmon/C360/Runtime/Fonts/Roboto-BoldItalic SDF.asset using Guid(54576446c49ebe54b8a3ad2f825804d7) Importer(815301076,1909f56bfc062723c751e8b465ee728b)  -> (artifact id: '0fd52200f940f7506ff0cd50ed3301a1') in 0.152878 seconds
  Import took 0.160503 seconds .

========================================================================
Received Import Request.
  Time since last request: 0.000282 seconds.
  path: Assets/DigitalSalmon/C360/Runtime/Fonts/Roboto-BoldCondensedItalic.ttf
  artifactKey: Guid(bdc7659d90c292143ab1cbbe1531a6d2) Importer(815301076,1909f56bfc062723c751e8b465ee728b)
Start importing Assets/DigitalSalmon/C360/Runtime/Fonts/Roboto-BoldCondensedItalic.ttf using Guid(bdc7659d90c292143ab1cbbe1531a6d2) Importer(815301076,1909f56bfc062723c751e8b465ee728b)  -> (artifact id: 'c857dbd7b3a80f855f7e9f1ae21c8c80') in 0.022800 seconds
  Import took 0.031184 seconds .

========================================================================
Received Import Request.
  Time since last request: 0.000300 seconds.
  path: Assets/DigitalSalmon/C360/Runtime/Fonts/Roboto-BoldCondensed SDF.asset
  artifactKey: Guid(af5d381f2dcbbb543891c6d03035bf53) Importer(815301076,1909f56bfc062723c751e8b465ee728b)
Start importing Assets/DigitalSalmon/C360/Runtime/Fonts/Roboto-BoldCondensed SDF.asset using Guid(af5d381f2dcbbb543891c6d03035bf53) Importer(815301076,1909f56bfc062723c751e8b465ee728b)  -> (artifact id: '5c0c87616adefa4440f05360966f9b99') in 0.059341 seconds
  Import took 0.066587 seconds .

========================================================================
Received Import Request.
  Time since last request: 0.000373 seconds.
  path: Assets/DigitalSalmon/C360/Runtime/Fonts/Roboto-CondensedItalic.ttf
  artifactKey: Guid(3f69ac9f14e8ccd4a89a80c371eadf63) Importer(815301076,1909f56bfc062723c751e8b465ee728b)
Start importing Assets/DigitalSalmon/C360/Runtime/Fonts/Roboto-CondensedItalic.ttf using Guid(3f69ac9f14e8ccd4a89a80c371eadf63) Importer(815301076,1909f56bfc062723c751e8b465ee728b)  -> (artifact id: 'dd4886d34319c7080aa8cabd8a3aae19') in 0.025502 seconds
  Import took 0.033845 seconds .

========================================================================
Received Import Request.
  Time since last request: 0.000653 seconds.
  path: Assets/Samples/OpenXR Plugin/1.3.1/Controller/Materials/Green.mat
  artifactKey: Guid(be5bedb9f42770549af7600305d316fd) Importer(815301076,1909f56bfc062723c751e8b465ee728b)
Start importing Assets/Samples/OpenXR Plugin/1.3.1/Controller/Materials/Green.mat using Guid(be5bedb9f42770549af7600305d316fd) Importer(815301076,1909f56bfc062723c751e8b465ee728b)  -> (artifact id: 'a37ca19b57dc641d44e8eff090d827ca') in 0.020535 seconds
  Import took 0.033081 seconds .

========================================================================
Received Import Request.
  Time since last request: 0.000377 seconds.
  path: Assets/DigitalSalmon/C360/Runtime/Prefabs/Content/M_MenuButton.mat
  artifactKey: Guid(e69d32c4ce4f1e646ba940afbacb6f9a) Importer(815301076,1909f56bfc062723c751e8b465ee728b)
Start importing Assets/DigitalSalmon/C360/Runtime/Prefabs/Content/M_MenuButton.mat using Guid(e69d32c4ce4f1e646ba940afbacb6f9a) Importer(815301076,1909f56bfc062723c751e8b465ee728b)  -> (artifact id: 'b164f9d0b948ec85f57bf18be33638e1') in 0.064012 seconds
  Import took 0.071518 seconds .

========================================================================
Received Import Request.
  Time since last request: 0.000270 seconds.
  path: Assets/DigitalSalmon/C360/Runtime/Fonts/Roboto-Bold.ttf
  artifactKey: Guid(a6eecb914fc891248bfa1144d282d109) Importer(815301076,1909f56bfc062723c751e8b465ee728b)
Start importing Assets/DigitalSalmon/C360/Runtime/Fonts/Roboto-Bold.ttf using Guid(a6eecb914fc891248bfa1144d282d109) Importer(815301076,1909f56bfc062723c751e8b465ee728b)  -> (artifact id: 'ef50d6343e7c58bff2245f823cd5cf0d') in 0.029973 seconds
  Import took 0.038058 seconds .

========================================================================
Received Import Request.
  Time since last request: 0.000393 seconds.
  path: Assets/DigitalSalmon/C360/Runtime/Fonts/Roboto-Black SDF.asset
  artifactKey: Guid(6e4ec9080fbb44945b74e12135ecc4be) Importer(815301076,1909f56bfc062723c751e8b465ee728b)
Start importing Assets/DigitalSalmon/C360/Runtime/Fonts/Roboto-Black SDF.asset using Guid(6e4ec9080fbb44945b74e12135ecc4be) Importer(815301076,1909f56bfc062723c751e8b465ee728b)  -> (artifact id: '4bb765f1ee7357f25d2535a72e95ae48') in 0.064309 seconds
  Import took 0.073669 seconds .

========================================================================
Received Import Request.
  Time since last request: 0.000405 seconds.
  path: Assets/TextMesh Pro/Resources/Fonts & Materials/LiberationSans SDF - Fallback.asset
  artifactKey: Guid(2e498d1c8094910479dc3e1b768306a4) Importer(815301076,1909f56bfc062723c751e8b465ee728b)
Start importing Assets/TextMesh Pro/Resources/Fonts & Materials/LiberationSans SDF - Fallback.asset using Guid(2e498d1c8094910479dc3e1b768306a4) Importer(815301076,1909f56bfc062723c751e8b465ee728b)  -> (artifact id: '73c4f4f2da4d2ab57d901e0f40ae3f2f') in 0.076762 seconds
  Import took 0.084981 seconds .

========================================================================
Received Import Request.
  Time since last request: 0.000362 seconds.
  path: Assets/DigitalSalmon/C360/Runtime/Fonts/Roboto-Black.ttf
  artifactKey: Guid(d34a18224d150e94caa4b9a4a27acc0b) Importer(815301076,1909f56bfc062723c751e8b465ee728b)
Start importing Assets/DigitalSalmon/C360/Runtime/Fonts/Roboto-Black.ttf using Guid(d34a18224d150e94caa4b9a4a27acc0b) Importer(815301076,1909f56bfc062723c751e8b465ee728b)  -> (artifact id: 'a6df3b1f4ec62a540c6ab5d06d0f84de') in 0.020829 seconds
  Import took 0.026945 seconds .

========================================================================
Received Import Request.
  Time since last request: 0.000349 seconds.
  path: Assets/DigitalSalmon/Core/Resources/Fonts/Roboto-Light.ttf
  artifactKey: Guid(6112ad72298c9c743beae70373c5bcf4) Importer(815301076,1909f56bfc062723c751e8b465ee728b)
Start importing Assets/DigitalSalmon/Core/Resources/Fonts/Roboto-Light.ttf using Guid(6112ad72298c9c743beae70373c5bcf4) Importer(815301076,1909f56bfc062723c751e8b465ee728b)  -> (artifact id: '723a01dd878a115421fe123e987f6859') in 0.014914 seconds
  Import took 0.021137 seconds .

========================================================================
Received Import Request.
  Time since last request: 0.000205 seconds.
  path: Assets/TextMesh Pro/Fonts/LiberationSans.ttf
  artifactKey: Guid(e3265ab4bf004d28a9537516768c1c75) Importer(815301076,1909f56bfc062723c751e8b465ee728b)
Start importing Assets/TextMesh Pro/Fonts/LiberationSans.ttf using Guid(e3265ab4bf004d28a9537516768c1c75) Importer(815301076,1909f56bfc062723c751e8b465ee728b)  -> (artifact id: 'c21af40cae5798befc3856dd2f525c4a') in 0.020653 seconds
  Import took 0.026314 seconds .

========================================================================
Received Import Request.
  Time since last request: 0.000272 seconds.
  path: Assets/TextMesh Pro/Resources/Fonts & Materials/LiberationSans SDF - Drop Shadow.mat
  artifactKey: Guid(e73a58f6e2794ae7b1b7e50b7fb811b0) Importer(815301076,1909f56bfc062723c751e8b465ee728b)
Start importing Assets/TextMesh Pro/Resources/Fonts & Materials/LiberationSans SDF - Drop Shadow.mat using Guid(e73a58f6e2794ae7b1b7e50b7fb811b0) Importer(815301076,1909f56bfc062723c751e8b465ee728b)  -> (artifact id: '482a362b8fe5ce36b302051eaf90a735') in 0.103777 seconds
  Import took 0.111579 seconds .

========================================================================
Received Import Request.
  Time since last request: 0.000191 seconds.
  path: Assets/DigitalSalmon/C360/Runtime/Fonts/Roboto-Regular.ttf
  artifactKey: Guid(23fa6421f241c1c4c89d7eeb7f5eb4d7) Importer(815301076,1909f56bfc062723c751e8b465ee728b)
Start importing Assets/DigitalSalmon/C360/Runtime/Fonts/Roboto-Regular.ttf using Guid(23fa6421f241c1c4c89d7eeb7f5eb4d7) Importer(815301076,1909f56bfc062723c751e8b465ee728b)  -> (artifact id: '8b1b7cebf6e38aaf0363115df278e442') in 0.025744 seconds
  Import took 0.035783 seconds .

========================================================================
Received Import Request.
  Time since last request: 0.000377 seconds.
  path: Assets/Samples/OpenXR Plugin/1.3.1/Controller/Models/Cone.fbx
  artifactKey: Guid(fa14a214e9ffb1a42850851e0ad9db52) Importer(815301076,1909f56bfc062723c751e8b465ee728b)
Start importing Assets/Samples/OpenXR Plugin/1.3.1/Controller/Models/Cone.fbx using Guid(fa14a214e9ffb1a42850851e0ad9db52) Importer(815301076,1909f56bfc062723c751e8b465ee728b)  -> (artifact id: 'ee0aad0b8fd3bc2ffe1347503099bab8') in 0.129890 seconds
  Import took 0.139015 seconds .

========================================================================
Received Import Request.
  Time since last request: 0.000215 seconds.
  path: Assets/DigitalSalmon/C360/Runtime/Fonts/Roboto-ThinItalic.ttf
  artifactKey: Guid(d82c63560acf22945b1bcd516c89d253) Importer(815301076,1909f56bfc062723c751e8b465ee728b)
Start importing Assets/DigitalSalmon/C360/Runtime/Fonts/Roboto-ThinItalic.ttf using Guid(d82c63560acf22945b1bcd516c89d253) Importer(815301076,1909f56bfc062723c751e8b465ee728b)  -> (artifact id: 'd8b8123f7e00d5461f9e87b5ce064f6b') in 0.023328 seconds
  Import took 0.032644 seconds .

========================================================================
Received Import Request.
  Time since last request: 0.000543 seconds.
  path: Assets/DigitalSalmon/C360/Runtime/Fonts/Roboto-BoldCondensed.ttf
  artifactKey: Guid(e8827fd25af6cf44591361b5fcf2e940) Importer(815301076,1909f56bfc062723c751e8b465ee728b)
Start importing Assets/DigitalSalmon/C360/Runtime/Fonts/Roboto-BoldCondensed.ttf using Guid(e8827fd25af6cf44591361b5fcf2e940) Importer(815301076,1909f56bfc062723c751e8b465ee728b)  -> (artifact id: '7c705e06e473e8fa844596343bb71653') in 0.030195 seconds
  Import took 0.039793 seconds .

========================================================================
Received Import Request.
  Time since last request: 0.000357 seconds.
  path: Assets/DigitalSalmon/Core/Resources/Fonts/HelveticaLTStd-Light.otf
  artifactKey: Guid(b4474eb872b1f3e4e8a0128445e3ed4d) Importer(815301076,1909f56bfc062723c751e8b465ee728b)
Start importing Assets/DigitalSalmon/Core/Resources/Fonts/HelveticaLTStd-Light.otf using Guid(b4474eb872b1f3e4e8a0128445e3ed4d) Importer(815301076,1909f56bfc062723c751e8b465ee728b)  -> (artifact id: 'b438415594879fac89f6364d97f7a905') in 0.026356 seconds
  Import took 0.033407 seconds .

========================================================================
Received Import Request.
  Time since last request: 0.000278 seconds.
  path: Assets/DigitalSalmon/Core/Resources/Fonts/Roboto-Bold.ttf
  artifactKey: Guid(68db559802d6a0c43ac4db821c50c9bb) Importer(815301076,1909f56bfc062723c751e8b465ee728b)
Start importing Assets/DigitalSalmon/Core/Resources/Fonts/Roboto-Bold.ttf using Guid(68db559802d6a0c43ac4db821c50c9bb) Importer(815301076,1909f56bfc062723c751e8b465ee728b)  -> (artifact id: '9e1432343bd53101cccec842df62d146') in 0.029292 seconds
  Import took 0.036140 seconds .

========================================================================
Received Import Request.
  Time since last request: 0.000830 seconds.
  path: Assets/DigitalSalmon/C360/Runtime/Fonts/Roboto-Condensed SDF.asset
  artifactKey: Guid(e5d7d857ec38cc149977108ce9c14661) Importer(815301076,1909f56bfc062723c751e8b465ee728b)
Start importing Assets/DigitalSalmon/C360/Runtime/Fonts/Roboto-Condensed SDF.asset using Guid(e5d7d857ec38cc149977108ce9c14661) Importer(815301076,1909f56bfc062723c751e8b465ee728b)  -> (artifact id: '4ef38b9eac0f4c4b0c1f91a7b1d2b238') in 0.046558 seconds
  Import took 0.053617 seconds .

========================================================================
Received Import Request.
  Time since last request: 0.000214 seconds.
  path: Assets/TextMesh Pro/Resources/Fonts & Materials/LiberationSans SDF.asset
  artifactKey: Guid(8f586378b4e144a9851e7b34d9b748ee) Importer(815301076,1909f56bfc062723c751e8b465ee728b)
Start importing Assets/TextMesh Pro/Resources/Fonts & Materials/LiberationSans SDF.asset using Guid(8f586378b4e144a9851e7b34d9b748ee) Importer(815301076,1909f56bfc062723c751e8b465ee728b)  -> (artifact id: 'f8b7c8c3e3c9a45adbdca63c88707d17') in 0.072458 seconds
  Import took 0.091984 seconds .

========================================================================
Received Import Request.
  Time since last request: 0.000215 seconds.
  path: Assets/DigitalSalmon/C360/Runtime/Camera/Crosshair/Crosshair.mat
  artifactKey: Guid(fe7319ac55520a046bc9b5177f7676fe) Importer(815301076,1909f56bfc062723c751e8b465ee728b)
Start importing Assets/DigitalSalmon/C360/Runtime/Camera/Crosshair/Crosshair.mat using Guid(fe7319ac55520a046bc9b5177f7676fe) Importer(815301076,1909f56bfc062723c751e8b465ee728b)  -> (artifact id: '1f8b5448dc3dbcaab0d97ac269124350') in 0.076913 seconds
  Import took 0.110801 seconds .

========================================================================
Received Import Request.
  Time since last request: 0.000305 seconds.
  path: Assets/Samples/OpenXR Plugin/1.3.1/Controller/Materials/Blue.mat
  artifactKey: Guid(d3293c07c46938149bd6b68f6f5ab4d1) Importer(815301076,1909f56bfc062723c751e8b465ee728b)
Start importing Assets/Samples/OpenXR Plugin/1.3.1/Controller/Materials/Blue.mat using Guid(d3293c07c46938149bd6b68f6f5ab4d1) Importer(815301076,1909f56bfc062723c751e8b465ee728b)  -> (artifact id: '4a8cde5994438b0861575309b6601ed6') in 0.049543 seconds
  Import took 0.066907 seconds .

========================================================================
Received Import Request.
  Time since last request: 0.000248 seconds.
  path: Assets/DigitalSalmon/C360/Runtime/Fonts/Roboto-LightItalic.ttf
  artifactKey: Guid(d7daa608686882b42a67276ef23dbb9c) Importer(815301076,1909f56bfc062723c751e8b465ee728b)
Start importing Assets/DigitalSalmon/C360/Runtime/Fonts/Roboto-LightItalic.ttf using Guid(d7daa608686882b42a67276ef23dbb9c) Importer(815301076,1909f56bfc062723c751e8b465ee728b)  -> (artifact id: 'c53925ac00171ad2edf72b66f80f0bef') in 0.118591 seconds
  Import took 0.172863 seconds .

========================================================================
Received Import Request.
  Time since last request: 0.000484 seconds.
  path: Assets/DigitalSalmon/C360/Runtime/Fonts/Roboto-Bold SDF.asset
  artifactKey: Guid(4f16baa8c09a41744b781820c327eac1) Importer(815301076,1909f56bfc062723c751e8b465ee728b)
Start importing Assets/DigitalSalmon/C360/Runtime/Fonts/Roboto-Bold SDF.asset using Guid(4f16baa8c09a41744b781820c327eac1) Importer(815301076,1909f56bfc062723c751e8b465ee728b)  -> (artifact id: '8749f9981731ed462a315babe1b72931') in 0.068004 seconds
  Import took 0.074261 seconds .

========================================================================
Received Import Request.
  Time since last request: 0.000265 seconds.
  path: Assets/DigitalSalmon/C360/Runtime/Fonts/Roboto-Medium.ttf
  artifactKey: Guid(2069504b848654344b9aba956c0483d6) Importer(815301076,1909f56bfc062723c751e8b465ee728b)
Start importing Assets/DigitalSalmon/C360/Runtime/Fonts/Roboto-Medium.ttf using Guid(2069504b848654344b9aba956c0483d6) Importer(815301076,1909f56bfc062723c751e8b465ee728b)  -> (artifact id: '952090f2543dd1fa4692c37c20dd4d4f') in 0.028654 seconds
  Import took 0.034763 seconds .

========================================================================
Received Import Request.
  Time since last request: 0.000288 seconds.
  path: Assets/DigitalSalmon/C360/Runtime/Fonts/Roboto-Condensed.ttf
  artifactKey: Guid(b9239a540071d574c8ff744f11a6c798) Importer(815301076,1909f56bfc062723c751e8b465ee728b)
Start importing Assets/DigitalSalmon/C360/Runtime/Fonts/Roboto-Condensed.ttf using Guid(b9239a540071d574c8ff744f11a6c798) Importer(815301076,1909f56bfc062723c751e8b465ee728b)  -> (artifact id: 'd1f7a673fd701153576b62e32989575e') in 0.025466 seconds
  Import took 0.032578 seconds .

========================================================================
Received Import Request.
  Time since last request: 0.000207 seconds.
  path: Assets/DigitalSalmon/Core/Resources/Fonts/HelveticaLTStd-Bold.otf
  artifactKey: Guid(2ef849a6504b0b14a82080359be226ba) Importer(815301076,1909f56bfc062723c751e8b465ee728b)
Start importing Assets/DigitalSalmon/Core/Resources/Fonts/HelveticaLTStd-Bold.otf using Guid(2ef849a6504b0b14a82080359be226ba) Importer(815301076,1909f56bfc062723c751e8b465ee728b)  -> (artifact id: '7f9a5209c07e62198592f5572a6ec219') in 0.026358 seconds
  Import took 0.032460 seconds .

========================================================================
Received Import Request.
  Time since last request: 0.000309 seconds.
  path: Assets/Samples/OpenXR Plugin/1.3.1/Controller/Materials/Red.mat
  artifactKey: Guid(130cd327cb69f5c4ab2bcdb608fbd58c) Importer(815301076,1909f56bfc062723c751e8b465ee728b)
Start importing Assets/Samples/OpenXR Plugin/1.3.1/Controller/Materials/Red.mat using Guid(130cd327cb69f5c4ab2bcdb608fbd58c) Importer(815301076,1909f56bfc062723c751e8b465ee728b)  -> (artifact id: 'e222919e9e6a11638ec7910167d88072') in 0.015461 seconds
  Import took 0.021358 seconds .

========================================================================
Received Import Request.
  Time since last request: 0.000296 seconds.
  path: Assets/DigitalSalmon/C360/Runtime/Fonts/Roboto-Thin.ttf
  artifactKey: Guid(b615c4a1208f8db41937e579c65a6cdc) Importer(815301076,1909f56bfc062723c751e8b465ee728b)
Start importing Assets/DigitalSalmon/C360/Runtime/Fonts/Roboto-Thin.ttf using Guid(b615c4a1208f8db41937e579c65a6cdc) Importer(815301076,1909f56bfc062723c751e8b465ee728b)  -> (artifact id: 'b83332268af86438ab9ecd7b478d1668') in 0.021891 seconds
  Import took 0.028372 seconds .

========================================================================
Received Prepare
Registering precompiled user dll's ...
Registered in 0.073311 seconds.
Begin MonoManager ReloadAssembly
Native extension for WindowsStandalone target not found
Native extension for WebGL target not found
Refreshing native plugins compatible for Editor in 2.07 ms, found 12 plugins.
Preloading 1 native plugins for Editor in 0.68 ms.
NullReferenceException: Object reference not set to an instance of an object
  at Unity.XR.Oculus.OculusLoader.AssetPathToAbsolutePath (System.String assetPath) [0x0004c] in C:\Users\contr\Documents\G\Dev\Unity\ABL-6.2\ABL 6\Library\PackageCache\com.unity.xr.oculus@1.11.2\Runtime\OculusLoader.cs:250 
  at Unity.XR.Oculus.OculusLoader.EditorLoadOVRPlugin () [0x000b0] in C:\Users\contr\Documents\G\Dev\Unity\ABL-6.2\ABL 6\Library\PackageCache\com.unity.xr.oculus@1.11.2\Runtime\OculusLoader.cs:235 

(Filename: Library/PackageCache/com.unity.xr.oculus@1.11.2/Runtime/OculusLoader.cs Line: 250)

Mono: successfully reloaded assembly
- Completed reload, in  4.443 seconds
Platform modules already initialized, skipping
Switching build target platform(19) subTarget(0) extendedPlatform(0) -> platform(13) subTarget(589824) extendedPlatform(0)
Refreshing native plugins compatible for Editor in 1.30 ms, found 12 plugins.
Preloading 1 native plugins for Editor in 0.12 ms.
Unloading 3041 Unused Serialized files (Serialized files now loaded: 0)
System memory in use before: 121.7 MB.
System memory in use after: 122.0 MB.

Unloading 79 unused Assets to reduce memory usage. Loaded Objects now: 3606.
Total: 8.293100 ms (FindLiveObjects: 0.404500 ms CreateObjectMapping: 0.207900 ms MarkObjects: 7.523700 ms  DeleteObjects: 0.153100 ms)

AssetImportParameters requested are different than current active one (requested -> active):
  custom:graphics/normal-map-encoding: 01000000000000000000000000000000 -> 02000000000000000000000000000000
========================================================================
Received Prepare
Registering precompiled user dll's ...
Registered in 0.036570 seconds.
Begin MonoManager ReloadAssembly
Native extension for WindowsStandalone target not found
Native extension for WebGL target not found
Refreshing native plugins compatible for Editor in 7.93 ms, found 12 plugins.
Preloading 1 native plugins for Editor in 0.16 ms.
NullReferenceException: Object reference not set to an instance of an object
  at Unity.XR.Oculus.OculusLoader.AssetPathToAbsolutePath (System.String assetPath) [0x0004c] in C:\Users\contr\Documents\G\Dev\Unity\ABL-6.2\ABL 6\Library\PackageCache\com.unity.xr.oculus@1.11.2\Runtime\OculusLoader.cs:250 
  at Unity.XR.Oculus.OculusLoader.EditorLoadOVRPlugin () [0x000b0] in C:\Users\contr\Documents\G\Dev\Unity\ABL-6.2\ABL 6\Library\PackageCache\com.unity.xr.oculus@1.11.2\Runtime\OculusLoader.cs:235 

(Filename: Library/PackageCache/com.unity.xr.oculus@1.11.2/Runtime/OculusLoader.cs Line: 250)

Mono: successfully reloaded assembly
- Completed reload, in  3.542 seconds
Platform modules already initialized, skipping
Switching build target platform(19) subTarget(0) extendedPlatform(0) -> platform(13) subTarget(589824) extendedPlatform(0)
Refreshing native plugins compatible for Editor in 1.31 ms, found 12 plugins.
Preloading 1 native plugins for Editor in 0.10 ms.
Unloading 3041 Unused Serialized files (Serialized files now loaded: 0)
System memory in use before: 121.7 MB.
System memory in use after: 122.0 MB.

Unloading 78 unused Assets to reduce memory usage. Loaded Objects now: 3609.
Total: 8.972800 ms (FindLiveObjects: 0.399300 ms CreateObjectMapping: 0.166500 ms MarkObjects: 8.329100 ms  DeleteObjects: 0.076500 ms)

AssetImportParameters requested are different than current active one (requested -> active):
  custom:graphics/normal-map-encoding: 01000000000000000000000000000000 -> 02000000000000000000000000000000
AssetImportWorkerClient::OnTransportError - code=2 error=End of file
